1638205501535	geckodriver	INFO	Listening on 127.0.0.1:56211
1638205502003	mozrunner::runner	INFO	Running command: "/Applications/Firefox.app/Contents/MacOS/firefox-bin" "--marionette" "--remote-debugging-port" "56212" "-foreground" "-no-remote" "-profile" "/var/folders/cv/xg6bnmr90z33l_rf_ff7ht140000gn/T/rust_mozprofilefu6fja"
1638205503261	Marionette	INFO	Marionette enabled
console.warn: SearchSettings: "get: No settings file exists, new profile?" (new NotFoundError("Could not open the file at /var/folders/cv/xg6bnmr90z33l_rf_ff7ht140000gn/T/rust_mozprofilefu6fja/search.json.mozlz4", (void 0)))
console.error: BackgroundUpdate: 
  _reasonsToNotScheduleUpdates: Failed to check for Maintenance Service Registry Key: [Exception... "Component returned failure code: 0x80004001 (NS_ERROR_NOT_IMPLEMENTED) [nsIUpdateProcessor.getServiceRegKeyExists]"  nsresult: "0x80004001 (NS_ERROR_NOT_IMPLEMENTED)"  location: "JS frame :: resource://gre/modules/BackgroundUpdate.jsm :: _reasonsToNotScheduleUpdates :: line 243"  data: no]
DevTools listening on ws://localhost:56212/devtools/browser/5e755109-8f6a-1041-89fb-c1bdba0fe765
1638205506126	Marionette	INFO	Listening on port 56223
1638205506248	RemoteAgent	WARN	TLS certificate errors will be ignored for this session
JavaScript warning: https://www.techwithtim.net/_Incapsula_Resource?SWJIYLWA=719d34d31c8e3a6e6fffd425f7e032f3&ns=1&cb=518625023, line 1: unreachable code after return statement
JavaScript warning: https://www.techwithtim.net/_Incapsula_Resource?SWJIYLWA=719d34d31c8e3a6e6fffd425f7e032f3&ns=1&cb=518625023, line 1: unreachable code after return statement
JavaScript warning: https://www.techwithtim.net/_Incapsula_Resource?SWJIYLWA=719d34d31c8e3a6e6fffd425f7e032f3&ns=1&cb=518625023 line 1 > eval, line 1: unreachable code after return statement
JavaScript warning: https://pagead2.googlesyndication.com/bg/Ydwwnsiz0RrvfpNl89rQqoBRiFg6eVxNIdbgsmjvwYM.js line 1 > eval line 4681 > eval line 1 > eval line 1 > eval, line 1: WEBGL_debug_renderer_info is deprecated in Firefox and will be removed. Please use RENDERER.
JavaScript error: resource://devtools/server/actors/network-monitor/network-event-actor.js, line 110: Error: Got a request https://www.techwithtim.net/wp-content/cache/autoptimize/css/autoptimize_86d10738ac2c674ed1d0c81744c8089b.css without a browsingContextID set
JavaScript error: resource://devtools/server/actors/network-monitor/network-event-actor.js, line 110: Error: Got a request https://use.fontawesome.com/releases/v5.6.0/css/all.css without a browsingContextID set
1638205757945	geckodriver	INFO	Listening on 127.0.0.1:56424
1638205758467	mozrunner::runner	INFO	Running command: "/Applications/Firefox.app/Contents/MacOS/firefox-bin" "--marionette" "--remote-debugging-port" "56425" "-foreground" "-no-remote" "-profile" "/var/folders/cv/xg6bnmr90z33l_rf_ff7ht140000gn/T/rust_mozprofileSF4UQE"
1638205759222	Marionette	INFO	Marionette enabled
console.warn: SearchSettings: "get: No settings file exists, new profile?" (new NotFoundError("Could not open the file at /var/folders/cv/xg6bnmr90z33l_rf_ff7ht140000gn/T/rust_mozprofileSF4UQE/search.json.mozlz4", (void 0)))
console.error: BackgroundUpdate: 
  _reasonsToNotScheduleUpdates: Failed to check for Maintenance Service Registry Key: [Exception... "Component returned failure code: 0x80004001 (NS_ERROR_NOT_IMPLEMENTED) [nsIUpdateProcessor.getServiceRegKeyExists]"  nsresult: "0x80004001 (NS_ERROR_NOT_IMPLEMENTED)"  location: "JS frame :: resource://gre/modules/BackgroundUpdate.jsm :: _reasonsToNotScheduleUpdates :: line 243"  data: no]
DevTools listening on ws://localhost:56425/devtools/browser/ca0b9db0-49af-2647-93fc-3138245fcbb7
1638205762129	Marionette	INFO	Listening on port 56430
1638205762219	RemoteAgent	WARN	TLS certificate errors will be ignored for this session
JavaScript warning: https://www.techwithtim.net/_Incapsula_Resource?SWJIYLWA=719d34d31c8e3a6e6fffd425f7e032f3&ns=2&cb=436774680, line 1: unreachable code after return statement
JavaScript warning: https://www.techwithtim.net/_Incapsula_Resource?SWJIYLWA=719d34d31c8e3a6e6fffd425f7e032f3&ns=2&cb=436774680, line 1: unreachable code after return statement
JavaScript warning: https://www.techwithtim.net/_Incapsula_Resource?SWJIYLWA=719d34d31c8e3a6e6fffd425f7e032f3&ns=2&cb=436774680 line 1 > eval, line 1: unreachable code after return statement
JavaScript warning: https://pagead2.googlesyndication.com/bg/Ydwwnsiz0RrvfpNl89rQqoBRiFg6eVxNIdbgsmjvwYM.js line 1 > eval line 6087 > eval line 1 > eval line 1 > eval, line 1: WEBGL_debug_renderer_info is deprecated in Firefox and will be removed. Please use RENDERER.
1638205960725	geckodriver	INFO	Listening on 127.0.0.1:56568
1638205961242	mozrunner::runner	INFO	Running command: "/Applications/Firefox.app/Contents/MacOS/firefox-bin" "--marionette" "--remote-debugging-port" "56569" "-foreground" "-no-remote" "-profile" "/var/folders/cv/xg6bnmr90z33l_rf_ff7ht140000gn/T/rust_mozprofilerVCeZP"
1638205961982	Marionette	INFO	Marionette enabled
console.warn: SearchSettings: "get: No settings file exists, new profile?" (new NotFoundError("Could not open the file at /var/folders/cv/xg6bnmr90z33l_rf_ff7ht140000gn/T/rust_mozprofilerVCeZP/search.json.mozlz4", (void 0)))
console.error: BackgroundUpdate: 
  _reasonsToNotScheduleUpdates: Failed to check for Maintenance Service Registry Key: [Exception... "Component returned failure code: 0x80004001 (NS_ERROR_NOT_IMPLEMENTED) [nsIUpdateProcessor.getServiceRegKeyExists]"  nsresult: "0x80004001 (NS_ERROR_NOT_IMPLEMENTED)"  location: "JS frame :: resource://gre/modules/BackgroundUpdate.jsm :: _reasonsToNotScheduleUpdates :: line 243"  data: no]
DevTools listening on ws://localhost:56569/devtools/browser/5c65e72b-bf4d-d44f-841c-d3e305d31474
1638205964734	Marionette	INFO	Listening on port 56574
1638205964783	RemoteAgent	WARN	TLS certificate errors will be ignored for this session
Exiting due to channel error.
Exiting due to channel error.
Exiting due to channel error.
console.log: WebExtensions: reset-default-search: starting.
console.log: WebExtensions: reset-default-search: No addons in our list are installed.
JavaScript error: , line 0: TypeError: NetworkError when attempting to fetch resource.
JavaScript error: , line 0: TypeError: NetworkError when attempting to fetch resource.
1638206032202	geckodriver	INFO	Listening on 127.0.0.1:56675
1638206032240	mozrunner::runner	INFO	Running command: "/Applications/Firefox.app/Contents/MacOS/firefox-bin" "--marionette" "--remote-debugging-port" "56676" "-foreground" "-no-remote" "-profile" "/var/folders/cv/xg6bnmr90z33l_rf_ff7ht140000gn/T/rust_mozprofileqN93ws"
1638206032793	Marionette	INFO	Marionette enabled
console.warn: SearchSettings: "get: No settings file exists, new profile?" (new NotFoundError("Could not open the file at /var/folders/cv/xg6bnmr90z33l_rf_ff7ht140000gn/T/rust_mozprofileqN93ws/search.json.mozlz4", (void 0)))
console.error: BackgroundUpdate: 
  _reasonsToNotScheduleUpdates: Failed to check for Maintenance Service Registry Key: [Exception... "Component returned failure code: 0x80004001 (NS_ERROR_NOT_IMPLEMENTED) [nsIUpdateProcessor.getServiceRegKeyExists]"  nsresult: "0x80004001 (NS_ERROR_NOT_IMPLEMENTED)"  location: "JS frame :: resource://gre/modules/BackgroundUpdate.jsm :: _reasonsToNotScheduleUpdates :: line 243"  data: no]
DevTools listening on ws://localhost:56676/devtools/browser/536c4824-3db2-e945-8dc7-f068d79048e3
1638206036443	Marionette	INFO	Listening on port 56679
1638206036552	RemoteAgent	WARN	TLS certificate errors will be ignored for this session
Exiting due to channel error.
Exiting due to channel error.
Exiting due to channel error.
1638206077569	geckodriver	INFO	Listening on 127.0.0.1:56773
1638206077609	mozrunner::runner	INFO	Running command: "/Applications/Firefox.app/Contents/MacOS/firefox-bin" "--marionette" "--remote-debugging-port" "56774" "-foreground" "-no-remote" "-profile" "/var/folders/cv/xg6bnmr90z33l_rf_ff7ht140000gn/T/rust_mozprofileNDVVPW"
1638206078319	Marionette	INFO	Marionette enabled
console.warn: SearchSettings: "get: No settings file exists, new profile?" (new NotFoundError("Could not open the file at /var/folders/cv/xg6bnmr90z33l_rf_ff7ht140000gn/T/rust_mozprofileNDVVPW/search.json.mozlz4", (void 0)))
console.error: BackgroundUpdate: 
  _reasonsToNotScheduleUpdates: Failed to check for Maintenance Service Registry Key: [Exception... "Component returned failure code: 0x80004001 (NS_ERROR_NOT_IMPLEMENTED) [nsIUpdateProcessor.getServiceRegKeyExists]"  nsresult: "0x80004001 (NS_ERROR_NOT_IMPLEMENTED)"  location: "JS frame :: resource://gre/modules/BackgroundUpdate.jsm :: _reasonsToNotScheduleUpdates :: line 243"  data: no]
DevTools listening on ws://localhost:56774/devtools/browser/1bb9f966-15c6-3d4d-afa2-b3ded51a3f97
1638206080827	Marionette	INFO	Listening on port 56777
1638206081083	RemoteAgent	WARN	TLS certificate errors will be ignored for this session
Exiting due to channel error.
[GFX1-]: Receive IPC close with reason=AbnormalShutdown
[GFX1-]: Receive IPC close with reason=AbnormalShutdown
Exiting due to channel error.
Exiting due to channel error.
1638206127756	geckodriver	INFO	Listening on 127.0.0.1:56858
1638206127776	mozrunner::runner	INFO	Running command: "/Applications/Firefox.app/Contents/MacOS/firefox-bin" "--marionette" "--remote-debugging-port" "56859" "-foreground" "-no-remote" "-profile" "/var/folders/cv/xg6bnmr90z33l_rf_ff7ht140000gn/T/rust_mozprofileT5oFUD"
1638206128469	Marionette	INFO	Marionette enabled
console.warn: SearchSettings: "get: No settings file exists, new profile?" (new NotFoundError("Could not open the file at /var/folders/cv/xg6bnmr90z33l_rf_ff7ht140000gn/T/rust_mozprofileT5oFUD/search.json.mozlz4", (void 0)))
console.error: BackgroundUpdate: 
  _reasonsToNotScheduleUpdates: Failed to check for Maintenance Service Registry Key: [Exception... "Component returned failure code: 0x80004001 (NS_ERROR_NOT_IMPLEMENTED) [nsIUpdateProcessor.getServiceRegKeyExists]"  nsresult: "0x80004001 (NS_ERROR_NOT_IMPLEMENTED)"  location: "JS frame :: resource://gre/modules/BackgroundUpdate.jsm :: _reasonsToNotScheduleUpdates :: line 243"  data: no]
DevTools listening on ws://localhost:56859/devtools/browser/93dafbc5-a70a-5d45-aefe-50b878c350db
1638206130933	Marionette	INFO	Listening on port 56862
1638206130994	RemoteAgent	WARN	TLS certificate errors will be ignored for this session
console.log: WebExtensions: reset-default-search: starting.
console.log: WebExtensions: reset-default-search: No addons in our list are installed.
1638206336209	geckodriver	INFO	Listening on 127.0.0.1:56995
1638206336723	mozrunner::runner	INFO	Running command: "/Applications/Firefox.app/Contents/MacOS/firefox-bin" "--marionette" "--remote-debugging-port" "56996" "-foreground" "-no-remote" "-profile" "/var/folders/cv/xg6bnmr90z33l_rf_ff7ht140000gn/T/rust_mozprofile8dfvwz"
1638206337394	Marionette	INFO	Marionette enabled
console.warn: SearchSettings: "get: No settings file exists, new profile?" (new NotFoundError("Could not open the file at /var/folders/cv/xg6bnmr90z33l_rf_ff7ht140000gn/T/rust_mozprofile8dfvwz/search.json.mozlz4", (void 0)))
console.error: BackgroundUpdate: 
  _reasonsToNotScheduleUpdates: Failed to check for Maintenance Service Registry Key: [Exception... "Component returned failure code: 0x80004001 (NS_ERROR_NOT_IMPLEMENTED) [nsIUpdateProcessor.getServiceRegKeyExists]"  nsresult: "0x80004001 (NS_ERROR_NOT_IMPLEMENTED)"  location: "JS frame :: resource://gre/modules/BackgroundUpdate.jsm :: _reasonsToNotScheduleUpdates :: line 243"  data: no]
DevTools listening on ws://localhost:56996/devtools/browser/2e7e0e15-5c6b-8a4d-943a-ad2ed3bfd5e2
1638206340263	Marionette	INFO	Listening on port 57001
1638206340295	RemoteAgent	WARN	TLS certificate errors will be ignored for this session
1638206477346	geckodriver	INFO	Listening on 127.0.0.1:57093
1638206477875	mozrunner::runner	INFO	Running command: "/Applications/Firefox.app/Contents/MacOS/firefox-bin" "--marionette" "--remote-debugging-port" "57094" "-foreground" "-no-remote" "-profile" "/var/folders/cv/xg6bnmr90z33l_rf_ff7ht140000gn/T/rust_mozprofileOJqLlZ"
1638206478557	Marionette	INFO	Marionette enabled
console.warn: SearchSettings: "get: No settings file exists, new profile?" (new NotFoundError("Could not open the file at /var/folders/cv/xg6bnmr90z33l_rf_ff7ht140000gn/T/rust_mozprofileOJqLlZ/search.json.mozlz4", (void 0)))
console.error: BackgroundUpdate: 
  _reasonsToNotScheduleUpdates: Failed to check for Maintenance Service Registry Key: [Exception... "Component returned failure code: 0x80004001 (NS_ERROR_NOT_IMPLEMENTED) [nsIUpdateProcessor.getServiceRegKeyExists]"  nsresult: "0x80004001 (NS_ERROR_NOT_IMPLEMENTED)"  location: "JS frame :: resource://gre/modules/BackgroundUpdate.jsm :: _reasonsToNotScheduleUpdates :: line 243"  data: no]
DevTools listening on ws://localhost:57094/devtools/browser/ff310167-2dbc-e345-8101-52da1538c4c5
1638206481606	Marionette	INFO	Listening on port 57099
1638206481703	RemoteAgent	WARN	TLS certificate errors will be ignored for this session
1638206528422	Marionette	INFO	Stopped listening on port 57099

###!!! [Parent][RunMessage] Error: Channel closing: too late to send/recv, messages will be lost

1638206533581	Marionette	INFO	Stopped listening on port 57001
1638206535242	Marionette	INFO	Stopped listening on port 56862

###!!! [Parent][RunMessage] Error: Channel closing: too late to send/recv, messages will be lost

1638208312431	geckodriver	INFO	Listening on 127.0.0.1:57280
1638208312954	mozrunner::runner	INFO	Running command: "/Applications/Firefox.app/Contents/MacOS/firefox-bin" "--marionette" "--remote-debugging-port" "57281" "-foreground" "-no-remote" "-profile" "/var/folders/cv/xg6bnmr90z33l_rf_ff7ht140000gn/T/rust_mozprofileOJ0zDA"
1638208313765	Marionette	INFO	Marionette enabled
console.warn: SearchSettings: "get: No settings file exists, new profile?" (new NotFoundError("Could not open the file at /var/folders/cv/xg6bnmr90z33l_rf_ff7ht140000gn/T/rust_mozprofileOJ0zDA/search.json.mozlz4", (void 0)))
console.error: BackgroundUpdate: 
  _reasonsToNotScheduleUpdates: Failed to check for Maintenance Service Registry Key: [Exception... "Component returned failure code: 0x80004001 (NS_ERROR_NOT_IMPLEMENTED) [nsIUpdateProcessor.getServiceRegKeyExists]"  nsresult: "0x80004001 (NS_ERROR_NOT_IMPLEMENTED)"  location: "JS frame :: resource://gre/modules/BackgroundUpdate.jsm :: _reasonsToNotScheduleUpdates :: line 243"  data: no]
DevTools listening on ws://localhost:57281/devtools/browser/12a30c90-c77d-ad47-b4fb-fbccf61cae85
1638208316513	Marionette	INFO	Listening on port 57287
1638208316580	RemoteAgent	WARN	TLS certificate errors will be ignored for this session
1638208321063	Marionette	INFO	Stopped listening on port 57287
JavaScript error: resource://gre/modules/UrlClassifierListManager.jsm, line 691: TypeError: this.tablesData[table] is undefined

###!!! [Parent][RunMessage] Error: Channel closing: too late to send/recv, messages will be lost

1638209079721	geckodriver	INFO	Listening on 127.0.0.1:57558
1638209080243	mozrunner::runner	INFO	Running command: "/Applications/Firefox.app/Contents/MacOS/firefox-bin" "--marionette" "--remote-debugging-port" "57559" "-foreground" "-no-remote" "-profile" "/var/folders/cv/xg6bnmr90z33l_rf_ff7ht140000gn/T/rust_mozprofileomCOHx"
1638209080868	Marionette	INFO	Marionette enabled
console.warn: SearchSettings: "get: No settings file exists, new profile?" (new NotFoundError("Could not open the file at /var/folders/cv/xg6bnmr90z33l_rf_ff7ht140000gn/T/rust_mozprofileomCOHx/search.json.mozlz4", (void 0)))
console.error: BackgroundUpdate: 
  _reasonsToNotScheduleUpdates: Failed to check for Maintenance Service Registry Key: [Exception... "Component returned failure code: 0x80004001 (NS_ERROR_NOT_IMPLEMENTED) [nsIUpdateProcessor.getServiceRegKeyExists]"  nsresult: "0x80004001 (NS_ERROR_NOT_IMPLEMENTED)"  location: "JS frame :: resource://gre/modules/BackgroundUpdate.jsm :: _reasonsToNotScheduleUpdates :: line 243"  data: no]
DevTools listening on ws://localhost:57559/devtools/browser/bf083541-8322-2f41-9558-11d1c975735a
1638209083616	Marionette	INFO	Listening on port 57564
1638209083681	RemoteAgent	WARN	TLS certificate errors will be ignored for this session
1638209208688	Marionette	WARN	Ignoring event 'pageshow' because document has an invalid readyState of 'uninitialized'.
[Child 17666, MediaDecoderStateMachine #1] WARNING: 13b61e500 Could not set cubeb stream name.: file /builds/worker/checkouts/gecko/dom/media/AudioStream.cpp:367
console.log: WebExtensions: reset-default-search: starting.
console.log: WebExtensions: reset-default-search: No addons in our list are installed.
1638210324228	Marionette	INFO	Stopped listening on port 57564
JavaScript error: chrome://remote/content/marionette/cert.js, line 55: NS_ERROR_NOT_AVAILABLE: Component returned failure code: 0x80040111 (NS_ERROR_NOT_AVAILABLE) [nsICertOverrideService.setDisableAllSecurityChecksAndLetAttackersInterceptMyData]

###!!! [Parent][RunMessage] Error: Channel closing: too late to send/recv, messages will be lost

1638210716178	geckodriver	INFO	Listening on 127.0.0.1:57849
1638210716199	mozrunner::runner	INFO	Running command: "/Applications/Firefox.app/Contents/MacOS/firefox-bin" "--marionette" "--remote-debugging-port" "57850" "-foreground" "-no-remote" "-profile" "/var/folders/cv/xg6bnmr90z33l_rf_ff7ht140000gn/T/rust_mozprofileZCe7J6"
1638210716909	Marionette	INFO	Marionette enabled
console.warn: SearchSettings: "get: No settings file exists, new profile?" (new NotFoundError("Could not open the file at /var/folders/cv/xg6bnmr90z33l_rf_ff7ht140000gn/T/rust_mozprofileZCe7J6/search.json.mozlz4", (void 0)))
console.error: BackgroundUpdate: 
  _reasonsToNotScheduleUpdates: Failed to check for Maintenance Service Registry Key: [Exception... "Component returned failure code: 0x80004001 (NS_ERROR_NOT_IMPLEMENTED) [nsIUpdateProcessor.getServiceRegKeyExists]"  nsresult: "0x80004001 (NS_ERROR_NOT_IMPLEMENTED)"  location: "JS frame :: resource://gre/modules/BackgroundUpdate.jsm :: _reasonsToNotScheduleUpdates :: line 243"  data: no]
DevTools listening on ws://localhost:57850/devtools/browser/661f4029-1e9f-3442-b785-0e8df3770f30
1638210720057	Marionette	INFO	Listening on port 57853
1638210720154	RemoteAgent	WARN	TLS certificate errors will be ignored for this session
1638210722952	Marionette	INFO	Stopped listening on port 57853

###!!! [Child][MessageChannel] Error: (msgtype=0x5A0008,name=PHttpChannel::Msg_DeletingChannel) Channel closing: too late to send/recv, messages will be lost


###!!! [Child][MessageChannel] Error: (msgtype=0x5A0007,name=PHttpChannel::Msg_RemoveCorsPreflightCacheEntry) Channel closing: too late to send/recv, messages will be lost


###!!! [Child][MessageChannel] Error: (msgtype=0x5A0008,name=PHttpChannel::Msg_DeletingChannel) Channel closing: too late to send/recv, messages will be lost


###!!! [Parent][RunMessage] Error: Channel closing: too late to send/recv, messages will be lost

1638210732843	geckodriver	INFO	Listening on 127.0.0.1:57922
1638210732874	mozrunner::runner	INFO	Running command: "/Applications/Firefox.app/Contents/MacOS/firefox-bin" "--marionette" "--remote-debugging-port" "57923" "-foreground" "-no-remote" "-profile" "/var/folders/cv/xg6bnmr90z33l_rf_ff7ht140000gn/T/rust_mozprofileEQRZPO"
1638210733497	Marionette	INFO	Marionette enabled
console.warn: SearchSettings: "get: No settings file exists, new profile?" (new NotFoundError("Could not open the file at /var/folders/cv/xg6bnmr90z33l_rf_ff7ht140000gn/T/rust_mozprofileEQRZPO/search.json.mozlz4", (void 0)))
console.error: BackgroundUpdate: 
  _reasonsToNotScheduleUpdates: Failed to check for Maintenance Service Registry Key: [Exception... "Component returned failure code: 0x80004001 (NS_ERROR_NOT_IMPLEMENTED) [nsIUpdateProcessor.getServiceRegKeyExists]"  nsresult: "0x80004001 (NS_ERROR_NOT_IMPLEMENTED)"  location: "JS frame :: resource://gre/modules/BackgroundUpdate.jsm :: _reasonsToNotScheduleUpdates :: line 243"  data: no]
DevTools listening on ws://localhost:57923/devtools/browser/bdf388b1-02bd-944c-871b-d25b5ac09e1a
1638210736201	Marionette	INFO	Listening on port 57926
1638210736297	RemoteAgent	WARN	TLS certificate errors will be ignored for this session
1638210752668	Marionette	INFO	Stopped listening on port 57926
1638211057546	geckodriver	INFO	Listening on 127.0.0.1:58052
1638211057578	mozrunner::runner	INFO	Running command: "/Applications/Firefox.app/Contents/MacOS/firefox-bin" "--marionette" "--remote-debugging-port" "58053" "-foreground" "-no-remote" "-profile" "/var/folders/cv/xg6bnmr90z33l_rf_ff7ht140000gn/T/rust_mozprofileQdgjr1"
1638211058218	Marionette	INFO	Marionette enabled
console.warn: SearchSettings: "get: No settings file exists, new profile?" (new NotFoundError("Could not open the file at /var/folders/cv/xg6bnmr90z33l_rf_ff7ht140000gn/T/rust_mozprofileQdgjr1/search.json.mozlz4", (void 0)))
console.error: BackgroundUpdate: 
  _reasonsToNotScheduleUpdates: Failed to check for Maintenance Service Registry Key: [Exception... "Component returned failure code: 0x80004001 (NS_ERROR_NOT_IMPLEMENTED) [nsIUpdateProcessor.getServiceRegKeyExists]"  nsresult: "0x80004001 (NS_ERROR_NOT_IMPLEMENTED)"  location: "JS frame :: resource://gre/modules/BackgroundUpdate.jsm :: _reasonsToNotScheduleUpdates :: line 243"  data: no]
DevTools listening on ws://localhost:58053/devtools/browser/5b5b8d8d-be34-7743-930e-831332380907
1638211060934	Marionette	INFO	Listening on port 58056
1638211061047	RemoteAgent	WARN	TLS certificate errors will be ignored for this session
1638211063756	Marionette	INFO	Stopped listening on port 58056

###!!! [Parent][RunMessage] Error: Channel closing: too late to send/recv, messages will be lost

1638211102754	geckodriver	INFO	Listening on 127.0.0.1:58120
1638211102784	mozrunner::runner	INFO	Running command: "/Applications/Firefox.app/Contents/MacOS/firefox-bin" "--marionette" "--remote-debugging-port" "58121" "-foreground" "-no-remote" "-profile" "/var/folders/cv/xg6bnmr90z33l_rf_ff7ht140000gn/T/rust_mozprofileJkJ8QJ"
1638211103411	Marionette	INFO	Marionette enabled
console.warn: SearchSettings: "get: No settings file exists, new profile?" (new NotFoundError("Could not open the file at /var/folders/cv/xg6bnmr90z33l_rf_ff7ht140000gn/T/rust_mozprofileJkJ8QJ/search.json.mozlz4", (void 0)))
console.error: BackgroundUpdate: 
  _reasonsToNotScheduleUpdates: Failed to check for Maintenance Service Registry Key: [Exception... "Component returned failure code: 0x80004001 (NS_ERROR_NOT_IMPLEMENTED) [nsIUpdateProcessor.getServiceRegKeyExists]"  nsresult: "0x80004001 (NS_ERROR_NOT_IMPLEMENTED)"  location: "JS frame :: resource://gre/modules/BackgroundUpdate.jsm :: _reasonsToNotScheduleUpdates :: line 243"  data: no]
DevTools listening on ws://localhost:58121/devtools/browser/acf657d9-4c89-244d-a29b-b11b2cbb76e6
1638211105980	Marionette	INFO	Listening on port 58124
1638211106091	RemoteAgent	WARN	TLS certificate errors will be ignored for this session
1638211107613	Marionette	INFO	Stopped listening on port 58124
1638211168463	geckodriver	INFO	Listening on 127.0.0.1:58190
1638211168480	mozrunner::runner	INFO	Running command: "/Applications/Firefox.app/Contents/MacOS/firefox-bin" "--marionette" "--remote-debugging-port" "58191" "-foreground" "-no-remote" "-profile" "/var/folders/cv/xg6bnmr90z33l_rf_ff7ht140000gn/T/rust_mozprofileHVPoBV"
1638211169071	Marionette	INFO	Marionette enabled
console.warn: SearchSettings: "get: No settings file exists, new profile?" (new NotFoundError("Could not open the file at /var/folders/cv/xg6bnmr90z33l_rf_ff7ht140000gn/T/rust_mozprofileHVPoBV/search.json.mozlz4", (void 0)))
console.error: BackgroundUpdate: 
  _reasonsToNotScheduleUpdates: Failed to check for Maintenance Service Registry Key: [Exception... "Component returned failure code: 0x80004001 (NS_ERROR_NOT_IMPLEMENTED) [nsIUpdateProcessor.getServiceRegKeyExists]"  nsresult: "0x80004001 (NS_ERROR_NOT_IMPLEMENTED)"  location: "JS frame :: resource://gre/modules/BackgroundUpdate.jsm :: _reasonsToNotScheduleUpdates :: line 243"  data: no]
DevTools listening on ws://localhost:58191/devtools/browser/9e63352e-896b-394d-90ec-5c35ba596466
1638211171920	Marionette	INFO	Listening on port 58194
1638211172001	RemoteAgent	WARN	TLS certificate errors will be ignored for this session
1638211173733	Marionette	INFO	Stopped listening on port 58194

###!!! [Parent][RunMessage] Error: Channel closing: too late to send/recv, messages will be lost

1638211347690	geckodriver	INFO	Listening on 127.0.0.1:58281
1638211347706	mozrunner::runner	INFO	Running command: "/Applications/Firefox.app/Contents/MacOS/firefox-bin" "--marionette" "--remote-debugging-port" "58282" "-foreground" "-no-remote" "-profile" "/var/folders/cv/xg6bnmr90z33l_rf_ff7ht140000gn/T/rust_mozprofilecVqkVz"
1638211348266	Marionette	INFO	Marionette enabled
console.warn: SearchSettings: "get: No settings file exists, new profile?" (new NotFoundError("Could not open the file at /var/folders/cv/xg6bnmr90z33l_rf_ff7ht140000gn/T/rust_mozprofilecVqkVz/search.json.mozlz4", (void 0)))
console.error: BackgroundUpdate: 
  _reasonsToNotScheduleUpdates: Failed to check for Maintenance Service Registry Key: [Exception... "Component returned failure code: 0x80004001 (NS_ERROR_NOT_IMPLEMENTED) [nsIUpdateProcessor.getServiceRegKeyExists]"  nsresult: "0x80004001 (NS_ERROR_NOT_IMPLEMENTED)"  location: "JS frame :: resource://gre/modules/BackgroundUpdate.jsm :: _reasonsToNotScheduleUpdates :: line 243"  data: no]
DevTools listening on ws://localhost:58282/devtools/browser/166b58d9-396b-584e-a3e7-251540ce31ef
1638211351116	Marionette	INFO	Listening on port 58285
1638211351237	RemoteAgent	WARN	TLS certificate errors will be ignored for this session
1638211353336	Marionette	INFO	Stopped listening on port 58285

###!!! [Parent][RunMessage] Error: Channel closing: too late to send/recv, messages will be lost

1638211399101	geckodriver	INFO	Listening on 127.0.0.1:58355
1638211399117	mozrunner::runner	INFO	Running command: "/Applications/Firefox.app/Contents/MacOS/firefox-bin" "--marionette" "--remote-debugging-port" "58356" "-foreground" "-no-remote" "-profile" "/var/folders/cv/xg6bnmr90z33l_rf_ff7ht140000gn/T/rust_mozprofileQ27aZR"
1638211399701	Marionette	INFO	Marionette enabled
console.warn: SearchSettings: "get: No settings file exists, new profile?" (new NotFoundError("Could not open the file at /var/folders/cv/xg6bnmr90z33l_rf_ff7ht140000gn/T/rust_mozprofileQ27aZR/search.json.mozlz4", (void 0)))
console.error: BackgroundUpdate: 
  _reasonsToNotScheduleUpdates: Failed to check for Maintenance Service Registry Key: [Exception... "Component returned failure code: 0x80004001 (NS_ERROR_NOT_IMPLEMENTED) [nsIUpdateProcessor.getServiceRegKeyExists]"  nsresult: "0x80004001 (NS_ERROR_NOT_IMPLEMENTED)"  location: "JS frame :: resource://gre/modules/BackgroundUpdate.jsm :: _reasonsToNotScheduleUpdates :: line 243"  data: no]
DevTools listening on ws://localhost:58356/devtools/browser/4c1e4367-0677-3f47-9978-9e0ccf7456b2
1638211402200	Marionette	INFO	Listening on port 58359
1638211402230	RemoteAgent	WARN	TLS certificate errors will be ignored for this session
1638211403960	Marionette	INFO	Stopped listening on port 58359

###!!! [Parent][RunMessage] Error: Channel closing: too late to send/recv, messages will be lost

1638211427929	geckodriver	INFO	Listening on 127.0.0.1:58420
1638211427945	mozrunner::runner	INFO	Running command: "/Applications/Firefox.app/Contents/MacOS/firefox-bin" "--marionette" "--remote-debugging-port" "58421" "-foreground" "-no-remote" "-profile" "/var/folders/cv/xg6bnmr90z33l_rf_ff7ht140000gn/T/rust_mozprofiletCxTfC"
1638211428577	Marionette	INFO	Marionette enabled
console.warn: SearchSettings: "get: No settings file exists, new profile?" (new NotFoundError("Could not open the file at /var/folders/cv/xg6bnmr90z33l_rf_ff7ht140000gn/T/rust_mozprofiletCxTfC/search.json.mozlz4", (void 0)))
console.error: BackgroundUpdate: 
  _reasonsToNotScheduleUpdates: Failed to check for Maintenance Service Registry Key: [Exception... "Component returned failure code: 0x80004001 (NS_ERROR_NOT_IMPLEMENTED) [nsIUpdateProcessor.getServiceRegKeyExists]"  nsresult: "0x80004001 (NS_ERROR_NOT_IMPLEMENTED)"  location: "JS frame :: resource://gre/modules/BackgroundUpdate.jsm :: _reasonsToNotScheduleUpdates :: line 243"  data: no]
DevTools listening on ws://localhost:58421/devtools/browser/33c8c80f-bfee-8b4b-bd7f-c7437b8ffb41
1638211431472	Marionette	INFO	Listening on port 58424
1638211431573	RemoteAgent	WARN	TLS certificate errors will be ignored for this session
1638211448886	Marionette	INFO	Stopped listening on port 58424
1638211590088	geckodriver	INFO	Listening on 127.0.0.1:58531
1638211590120	mozrunner::runner	INFO	Running command: "/Applications/Firefox.app/Contents/MacOS/firefox-bin" "--marionette" "--remote-debugging-port" "58532" "-foreground" "-no-remote" "-profile" "/var/folders/cv/xg6bnmr90z33l_rf_ff7ht140000gn/T/rust_mozprofileruGLmK"
1638211590704	Marionette	INFO	Marionette enabled
console.warn: SearchSettings: "get: No settings file exists, new profile?" (new NotFoundError("Could not open the file at /var/folders/cv/xg6bnmr90z33l_rf_ff7ht140000gn/T/rust_mozprofileruGLmK/search.json.mozlz4", (void 0)))
console.error: BackgroundUpdate: 
  _reasonsToNotScheduleUpdates: Failed to check for Maintenance Service Registry Key: [Exception... "Component returned failure code: 0x80004001 (NS_ERROR_NOT_IMPLEMENTED) [nsIUpdateProcessor.getServiceRegKeyExists]"  nsresult: "0x80004001 (NS_ERROR_NOT_IMPLEMENTED)"  location: "JS frame :: resource://gre/modules/BackgroundUpdate.jsm :: _reasonsToNotScheduleUpdates :: line 243"  data: no]
DevTools listening on ws://localhost:58532/devtools/browser/ce3eee69-2d7a-3349-ac06-04cd86d9fe5d
1638211593759	Marionette	INFO	Listening on port 58535
1638211593861	RemoteAgent	WARN	TLS certificate errors will be ignored for this session
1638211597897	Marionette	INFO	Stopped listening on port 58535
1638211737598	geckodriver	INFO	Listening on 127.0.0.1:58615
1638211737630	mozrunner::runner	INFO	Running command: "/Applications/Firefox.app/Contents/MacOS/firefox-bin" "--marionette" "--remote-debugging-port" "58616" "-foreground" "-no-remote" "-profile" "/var/folders/cv/xg6bnmr90z33l_rf_ff7ht140000gn/T/rust_mozprofile9U2CER"
1638211738353	Marionette	INFO	Marionette enabled
console.warn: SearchSettings: "get: No settings file exists, new profile?" (new NotFoundError("Could not open the file at /var/folders/cv/xg6bnmr90z33l_rf_ff7ht140000gn/T/rust_mozprofile9U2CER/search.json.mozlz4", (void 0)))
console.error: BackgroundUpdate: 
  _reasonsToNotScheduleUpdates: Failed to check for Maintenance Service Registry Key: [Exception... "Component returned failure code: 0x80004001 (NS_ERROR_NOT_IMPLEMENTED) [nsIUpdateProcessor.getServiceRegKeyExists]"  nsresult: "0x80004001 (NS_ERROR_NOT_IMPLEMENTED)"  location: "JS frame :: resource://gre/modules/BackgroundUpdate.jsm :: _reasonsToNotScheduleUpdates :: line 243"  data: no]
DevTools listening on ws://localhost:58616/devtools/browser/4bea5d2e-cefc-5f4c-8cc0-b80c99b76d44
1638211740773	Marionette	INFO	Listening on port 58619
1638211740883	RemoteAgent	WARN	TLS certificate errors will be ignored for this session
1638211744116	Marionette	INFO	Stopped listening on port 58619
1638211962323	geckodriver	INFO	Listening on 127.0.0.1:58717
1638211962347	mozrunner::runner	INFO	Running command: "/Applications/Firefox.app/Contents/MacOS/firefox-bin" "--marionette" "--remote-debugging-port" "58718" "-foreground" "-no-remote" "-profile" "/var/folders/cv/xg6bnmr90z33l_rf_ff7ht140000gn/T/rust_mozprofileaykqMV"
1638211963151	Marionette	INFO	Marionette enabled
console.warn: SearchSettings: "get: No settings file exists, new profile?" (new NotFoundError("Could not open the file at /var/folders/cv/xg6bnmr90z33l_rf_ff7ht140000gn/T/rust_mozprofileaykqMV/search.json.mozlz4", (void 0)))
console.error: BackgroundUpdate: 
  _reasonsToNotScheduleUpdates: Failed to check for Maintenance Service Registry Key: [Exception... "Component returned failure code: 0x80004001 (NS_ERROR_NOT_IMPLEMENTED) [nsIUpdateProcessor.getServiceRegKeyExists]"  nsresult: "0x80004001 (NS_ERROR_NOT_IMPLEMENTED)"  location: "JS frame :: resource://gre/modules/BackgroundUpdate.jsm :: _reasonsToNotScheduleUpdates :: line 243"  data: no]
DevTools listening on ws://localhost:58718/devtools/browser/46355afa-2015-954a-b97c-4676d92a1b74
1638211966491	Marionette	INFO	Listening on port 58721
1638211966614	RemoteAgent	WARN	TLS certificate errors will be ignored for this session
1638211971305	Marionette	INFO	Stopped listening on port 58721

###!!! [Parent][RunMessage] Error: Channel closing: too late to send/recv, messages will be lost

1638212349770	geckodriver	INFO	Listening on 127.0.0.1:58854
1638212349798	mozrunner::runner	INFO	Running command: "/Applications/Firefox.app/Contents/MacOS/firefox-bin" "--marionette" "--remote-debugging-port" "58855" "-foreground" "-no-remote" "-profile" "/var/folders/cv/xg6bnmr90z33l_rf_ff7ht140000gn/T/rust_mozprofilexNBQEm"
1638212350795	Marionette	INFO	Marionette enabled
console.warn: SearchSettings: "get: No settings file exists, new profile?" (new NotFoundError("Could not open the file at /var/folders/cv/xg6bnmr90z33l_rf_ff7ht140000gn/T/rust_mozprofilexNBQEm/search.json.mozlz4", (void 0)))
console.error: BackgroundUpdate: 
  _reasonsToNotScheduleUpdates: Failed to check for Maintenance Service Registry Key: [Exception... "Component returned failure code: 0x80004001 (NS_ERROR_NOT_IMPLEMENTED) [nsIUpdateProcessor.getServiceRegKeyExists]"  nsresult: "0x80004001 (NS_ERROR_NOT_IMPLEMENTED)"  location: "JS frame :: resource://gre/modules/BackgroundUpdate.jsm :: _reasonsToNotScheduleUpdates :: line 243"  data: no]
DevTools listening on ws://localhost:58855/devtools/browser/c667a5b7-19dd-724d-9959-00d0a5728376
1638212353769	Marionette	INFO	Listening on port 58858
1638212353821	RemoteAgent	WARN	TLS certificate errors will be ignored for this session
1638212357595	Marionette	INFO	Stopped listening on port 58858

###!!! [Parent][RunMessage] Error: Channel closing: too late to send/recv, messages will be lost

1638212470644	geckodriver	INFO	Listening on 127.0.0.1:58956
1638212470675	mozrunner::runner	INFO	Running command: "/Applications/Firefox.app/Contents/MacOS/firefox-bin" "--marionette" "--remote-debugging-port" "58957" "-foreground" "-no-remote" "-profile" "/var/folders/cv/xg6bnmr90z33l_rf_ff7ht140000gn/T/rust_mozprofileTjy14F"
1638212471368	Marionette	INFO	Marionette enabled
console.warn: SearchSettings: "get: No settings file exists, new profile?" (new NotFoundError("Could not open the file at /var/folders/cv/xg6bnmr90z33l_rf_ff7ht140000gn/T/rust_mozprofileTjy14F/search.json.mozlz4", (void 0)))
console.error: BackgroundUpdate: 
  _reasonsToNotScheduleUpdates: Failed to check for Maintenance Service Registry Key: [Exception... "Component returned failure code: 0x80004001 (NS_ERROR_NOT_IMPLEMENTED) [nsIUpdateProcessor.getServiceRegKeyExists]"  nsresult: "0x80004001 (NS_ERROR_NOT_IMPLEMENTED)"  location: "JS frame :: resource://gre/modules/BackgroundUpdate.jsm :: _reasonsToNotScheduleUpdates :: line 243"  data: no]
DevTools listening on ws://localhost:58957/devtools/browser/b62263ea-ce23-4649-9bf6-849b43629dff
1638212473804	Marionette	INFO	Listening on port 58960
1638212473874	RemoteAgent	WARN	TLS certificate errors will be ignored for this session
1638212478085	Marionette	INFO	Stopped listening on port 58960
1638212514917	geckodriver	INFO	Listening on 127.0.0.1:59047
1638212514972	mozrunner::runner	INFO	Running command: "/Applications/Firefox.app/Contents/MacOS/firefox-bin" "--marionette" "--remote-debugging-port" "59048" "-foreground" "-no-remote" "-profile" "/var/folders/cv/xg6bnmr90z33l_rf_ff7ht140000gn/T/rust_mozprofileJkvWSQ"
1638212515470	Marionette	INFO	Marionette enabled
console.warn: SearchSettings: "get: No settings file exists, new profile?" (new NotFoundError("Could not open the file at /var/folders/cv/xg6bnmr90z33l_rf_ff7ht140000gn/T/rust_mozprofileJkvWSQ/search.json.mozlz4", (void 0)))
console.error: BackgroundUpdate: 
  _reasonsToNotScheduleUpdates: Failed to check for Maintenance Service Registry Key: [Exception... "Component returned failure code: 0x80004001 (NS_ERROR_NOT_IMPLEMENTED) [nsIUpdateProcessor.getServiceRegKeyExists]"  nsresult: "0x80004001 (NS_ERROR_NOT_IMPLEMENTED)"  location: "JS frame :: resource://gre/modules/BackgroundUpdate.jsm :: _reasonsToNotScheduleUpdates :: line 243"  data: no]
DevTools listening on ws://localhost:59048/devtools/browser/9734d2d2-db9c-414c-a149-c423809327e1
1638212518863	Marionette	INFO	Listening on port 59051
1638212518921	RemoteAgent	WARN	TLS certificate errors will be ignored for this session
1638212522527	Marionette	INFO	Stopped listening on port 59051

###!!! [Parent][RunMessage] Error: Channel closing: too late to send/recv, messages will be lost

1638212633071	geckodriver	INFO	Listening on 127.0.0.1:59141
1638212633100	mozrunner::runner	INFO	Running command: "/Applications/Firefox.app/Contents/MacOS/firefox-bin" "--marionette" "-headless" "--remote-debugging-port" "59142" "-foreground" "-no-remote" "-profile" "/var/folders/cv/xg6bnmr90z33l_rf_ff7ht140000gn/T/rust_mozprofilertD0to"
*** You are running in headless mode.
1638212633751	Marionette	INFO	Marionette enabled
[GFX1-]: RenderCompositorSWGL failed mapping default framebuffer, no dt
console.warn: SearchSettings: "get: No settings file exists, new profile?" (new NotFoundError("Could not open the file at /var/folders/cv/xg6bnmr90z33l_rf_ff7ht140000gn/T/rust_mozprofilertD0to/search.json.mozlz4", (void 0)))
console.error: BackgroundUpdate: 
  _reasonsToNotScheduleUpdates: Failed to check for Maintenance Service Registry Key: [Exception... "Component returned failure code: 0x80004001 (NS_ERROR_NOT_IMPLEMENTED) [nsIUpdateProcessor.getServiceRegKeyExists]"  nsresult: "0x80004001 (NS_ERROR_NOT_IMPLEMENTED)"  location: "JS frame :: resource://gre/modules/BackgroundUpdate.jsm :: _reasonsToNotScheduleUpdates :: line 243"  data: no]
DevTools listening on ws://localhost:59142/devtools/browser/e2529338-d4cc-c542-9846-8547ee81eb62
1638212636132	Marionette	INFO	Listening on port 59145
1638212636228	RemoteAgent	WARN	TLS certificate errors will be ignored for this session
1638212639534	Marionette	INFO	Stopped listening on port 59145

###!!! [Parent][RunMessage] Error: Channel closing: too late to send/recv, messages will be lost

1638212647740	Marionette	INFO	Stopped listening on port 56223
console.warn: TopSitesFeed: Failed to fetch data from Contile server: NetworkError when attempting to fetch resource.

###!!! [Parent][RunMessage] Error: Channel closing: too late to send/recv, messages will be lost

1638212649053	Marionette	INFO	Stopped listening on port 56430
console.warn: TopSitesFeed: Failed to fetch data from Contile server: NetworkError when attempting to fetch resource.

###!!! [Parent][RunMessage] Error: Channel closing: too late to send/recv, messages will be lost

1638212652652	geckodriver	INFO	Listening on 127.0.0.1:59224
1638212652687	mozrunner::runner	INFO	Running command: "/Applications/Firefox.app/Contents/MacOS/firefox-bin" "--marionette" "-headless" "--remote-debugging-port" "59225" "-foreground" "-no-remote" "-profile" "/var/folders/cv/xg6bnmr90z33l_rf_ff7ht140000gn/T/rust_mozprofileavf5s7"
*** You are running in headless mode.
1638212653186	Marionette	INFO	Marionette enabled
[GFX1-]: RenderCompositorSWGL failed mapping default framebuffer, no dt
console.warn: SearchSettings: "get: No settings file exists, new profile?" (new NotFoundError("Could not open the file at /var/folders/cv/xg6bnmr90z33l_rf_ff7ht140000gn/T/rust_mozprofileavf5s7/search.json.mozlz4", (void 0)))
console.error: BackgroundUpdate: 
  _reasonsToNotScheduleUpdates: Failed to check for Maintenance Service Registry Key: [Exception... "Component returned failure code: 0x80004001 (NS_ERROR_NOT_IMPLEMENTED) [nsIUpdateProcessor.getServiceRegKeyExists]"  nsresult: "0x80004001 (NS_ERROR_NOT_IMPLEMENTED)"  location: "JS frame :: resource://gre/modules/BackgroundUpdate.jsm :: _reasonsToNotScheduleUpdates :: line 243"  data: no]
DevTools listening on ws://localhost:59225/devtools/browser/425957fb-22d8-cb46-9b7d-8c51c27e3d57
1638212655230	Marionette	INFO	Listening on port 59228
1638212655265	RemoteAgent	WARN	TLS certificate errors will be ignored for this session
1638212658400	Marionette	INFO	Stopped listening on port 59228

###!!! [Parent][RunMessage] Error: Channel closing: too late to send/recv, messages will be lost

1638215278396	geckodriver	INFO	Listening on 127.0.0.1:59653
1638215278435	mozrunner::runner	INFO	Running command: "/Applications/Firefox.app/Contents/MacOS/firefox-bin" "--marionette" "-headless" "--remote-debugging-port" "59654" "-foreground" "-no-remote" "-profile" "/var/folders/cv/xg6bnmr90z33l_rf_ff7ht140000gn/T/rust_mozprofileWc6Gqc"
*** You are running in headless mode.
1638215279013	Marionette	INFO	Marionette enabled
[GFX1-]: RenderCompositorSWGL failed mapping default framebuffer, no dt
console.warn: SearchSettings: "get: No settings file exists, new profile?" (new NotFoundError("Could not open the file at /var/folders/cv/xg6bnmr90z33l_rf_ff7ht140000gn/T/rust_mozprofileWc6Gqc/search.json.mozlz4", (void 0)))
console.error: BackgroundUpdate: 
  _reasonsToNotScheduleUpdates: Failed to check for Maintenance Service Registry Key: [Exception... "Component returned failure code: 0x80004001 (NS_ERROR_NOT_IMPLEMENTED) [nsIUpdateProcessor.getServiceRegKeyExists]"  nsresult: "0x80004001 (NS_ERROR_NOT_IMPLEMENTED)"  location: "JS frame :: resource://gre/modules/BackgroundUpdate.jsm :: _reasonsToNotScheduleUpdates :: line 243"  data: no]
DevTools listening on ws://localhost:59654/devtools/browser/4ab7f7c1-b7ee-4045-b966-c67057267578
1638215281478	Marionette	INFO	Listening on port 59657
1638215281543	RemoteAgent	WARN	TLS certificate errors will be ignored for this session
1638215284078	Marionette	INFO	Stopped listening on port 59657

###!!! [Parent][RunMessage] Error: Channel closing: too late to send/recv, messages will be lost

1638215301331	geckodriver	INFO	Listening on 127.0.0.1:59721
1638215301365	mozrunner::runner	INFO	Running command: "/Applications/Firefox.app/Contents/MacOS/firefox-bin" "--marionette" "-headless" "--remote-debugging-port" "59722" "-foreground" "-no-remote" "-profile" "/var/folders/cv/xg6bnmr90z33l_rf_ff7ht140000gn/T/rust_mozprofileF3dpzO"
*** You are running in headless mode.
1638215301862	Marionette	INFO	Marionette enabled
[GFX1-]: RenderCompositorSWGL failed mapping default framebuffer, no dt
console.warn: SearchSettings: "get: No settings file exists, new profile?" (new NotFoundError("Could not open the file at /var/folders/cv/xg6bnmr90z33l_rf_ff7ht140000gn/T/rust_mozprofileF3dpzO/search.json.mozlz4", (void 0)))
console.error: BackgroundUpdate: 
  _reasonsToNotScheduleUpdates: Failed to check for Maintenance Service Registry Key: [Exception... "Component returned failure code: 0x80004001 (NS_ERROR_NOT_IMPLEMENTED) [nsIUpdateProcessor.getServiceRegKeyExists]"  nsresult: "0x80004001 (NS_ERROR_NOT_IMPLEMENTED)"  location: "JS frame :: resource://gre/modules/BackgroundUpdate.jsm :: _reasonsToNotScheduleUpdates :: line 243"  data: no]
DevTools listening on ws://localhost:59722/devtools/browser/a068f7f3-8a66-dd46-806d-0728df08b95f
1638215304179	Marionette	INFO	Listening on port 59725
1638215304270	RemoteAgent	WARN	TLS certificate errors will be ignored for this session
1638215313113	Marionette	INFO	Stopped listening on port 59725
1638215336829	geckodriver	INFO	Listening on 127.0.0.1:59799
1638215336864	mozrunner::runner	INFO	Running command: "/Applications/Firefox.app/Contents/MacOS/firefox-bin" "--marionette" "-headless" "--remote-debugging-port" "59800" "-foreground" "-no-remote" "-profile" "/var/folders/cv/xg6bnmr90z33l_rf_ff7ht140000gn/T/rust_mozprofile0JKDNn"
*** You are running in headless mode.
1638215337379	Marionette	INFO	Marionette enabled
[GFX1-]: RenderCompositorSWGL failed mapping default framebuffer, no dt
console.warn: SearchSettings: "get: No settings file exists, new profile?" (new NotFoundError("Could not open the file at /var/folders/cv/xg6bnmr90z33l_rf_ff7ht140000gn/T/rust_mozprofile0JKDNn/search.json.mozlz4", (void 0)))
console.error: BackgroundUpdate: 
  _reasonsToNotScheduleUpdates: Failed to check for Maintenance Service Registry Key: [Exception... "Component returned failure code: 0x80004001 (NS_ERROR_NOT_IMPLEMENTED) [nsIUpdateProcessor.getServiceRegKeyExists]"  nsresult: "0x80004001 (NS_ERROR_NOT_IMPLEMENTED)"  location: "JS frame :: resource://gre/modules/BackgroundUpdate.jsm :: _reasonsToNotScheduleUpdates :: line 243"  data: no]
DevTools listening on ws://localhost:59800/devtools/browser/5ac49564-ae9d-3444-b22f-b9ac5c690d18
1638215339617	Marionette	INFO	Listening on port 59803
1638215339659	RemoteAgent	WARN	TLS certificate errors will be ignored for this session
1638215343156	Marionette	INFO	Stopped listening on port 59803
1638217024617	geckodriver	INFO	Listening on 127.0.0.1:60014
1638217024650	mozrunner::runner	INFO	Running command: "/Applications/Firefox.app/Contents/MacOS/firefox-bin" "--marionette" "-headless" "--remote-debugging-port" "60015" "-foreground" "-no-remote" "-profile" "/var/folders/cv/xg6bnmr90z33l_rf_ff7ht140000gn/T/rust_mozprofileDf7zMw"
*** You are running in headless mode.
1638217025260	Marionette	INFO	Marionette enabled
[GFX1-]: RenderCompositorSWGL failed mapping default framebuffer, no dt
console.warn: SearchSettings: "get: No settings file exists, new profile?" (new NotFoundError("Could not open the file at /var/folders/cv/xg6bnmr90z33l_rf_ff7ht140000gn/T/rust_mozprofileDf7zMw/search.json.mozlz4", (void 0)))
console.error: BackgroundUpdate: 
  _reasonsToNotScheduleUpdates: Failed to check for Maintenance Service Registry Key: [Exception... "Component returned failure code: 0x80004001 (NS_ERROR_NOT_IMPLEMENTED) [nsIUpdateProcessor.getServiceRegKeyExists]"  nsresult: "0x80004001 (NS_ERROR_NOT_IMPLEMENTED)"  location: "JS frame :: resource://gre/modules/BackgroundUpdate.jsm :: _reasonsToNotScheduleUpdates :: line 243"  data: no]
DevTools listening on ws://localhost:60015/devtools/browser/96558904-a4be-7c4c-ba42-ebf817dbc906
1638217027647	Marionette	INFO	Listening on port 60018
1638217027754	RemoteAgent	WARN	TLS certificate errors will be ignored for this session
1638217031624	Marionette	INFO	Stopped listening on port 60018

###!!! [Parent][RunMessage] Error: Channel closing: too late to send/recv, messages will be lost

1638217796905	geckodriver	INFO	Listening on 127.0.0.1:60174
1638217796921	mozrunner::runner	INFO	Running command: "/Applications/Firefox.app/Contents/MacOS/firefox-bin" "--marionette" "-headless" "--remote-debugging-port" "60175" "-foreground" "-no-remote" "-profile" "/var/folders/cv/xg6bnmr90z33l_rf_ff7ht140000gn/T/rust_mozprofileSbdQNU"
*** You are running in headless mode.
1638217797450	Marionette	INFO	Marionette enabled
[GFX1-]: RenderCompositorSWGL failed mapping default framebuffer, no dt
console.warn: SearchSettings: "get: No settings file exists, new profile?" (new NotFoundError("Could not open the file at /var/folders/cv/xg6bnmr90z33l_rf_ff7ht140000gn/T/rust_mozprofileSbdQNU/search.json.mozlz4", (void 0)))
console.error: BackgroundUpdate: 
  _reasonsToNotScheduleUpdates: Failed to check for Maintenance Service Registry Key: [Exception... "Component returned failure code: 0x80004001 (NS_ERROR_NOT_IMPLEMENTED) [nsIUpdateProcessor.getServiceRegKeyExists]"  nsresult: "0x80004001 (NS_ERROR_NOT_IMPLEMENTED)"  location: "JS frame :: resource://gre/modules/BackgroundUpdate.jsm :: _reasonsToNotScheduleUpdates :: line 243"  data: no]
DevTools listening on ws://localhost:60175/devtools/browser/7980c94f-dcdc-f546-9aae-452d763f10ca
1638217799906	Marionette	INFO	Listening on port 60178
1638217800067	RemoteAgent	WARN	TLS certificate errors will be ignored for this session
1638217804268	Marionette	INFO	Stopped listening on port 60178

###!!! [Parent][RunMessage] Error: Channel closing: too late to send/recv, messages will be lost

1638217809356	geckodriver	INFO	Listening on 127.0.0.1:60254
1638217809375	mozrunner::runner	INFO	Running command: "/Applications/Firefox.app/Contents/MacOS/firefox-bin" "--marionette" "-headless" "--remote-debugging-port" "60255" "-foreground" "-no-remote" "-profile" "/var/folders/cv/xg6bnmr90z33l_rf_ff7ht140000gn/T/rust_mozprofileBx5Pz3"
*** You are running in headless mode.
1638217809862	Marionette	INFO	Marionette enabled
[GFX1-]: RenderCompositorSWGL failed mapping default framebuffer, no dt
console.warn: SearchSettings: "get: No settings file exists, new profile?" (new NotFoundError("Could not open the file at /var/folders/cv/xg6bnmr90z33l_rf_ff7ht140000gn/T/rust_mozprofileBx5Pz3/search.json.mozlz4", (void 0)))
console.error: BackgroundUpdate: 
  _reasonsToNotScheduleUpdates: Failed to check for Maintenance Service Registry Key: [Exception... "Component returned failure code: 0x80004001 (NS_ERROR_NOT_IMPLEMENTED) [nsIUpdateProcessor.getServiceRegKeyExists]"  nsresult: "0x80004001 (NS_ERROR_NOT_IMPLEMENTED)"  location: "JS frame :: resource://gre/modules/BackgroundUpdate.jsm :: _reasonsToNotScheduleUpdates :: line 243"  data: no]
DevTools listening on ws://localhost:60255/devtools/browser/c0e2f8aa-cb9d-1e4f-8c71-be7825470251
1638217812074	Marionette	INFO	Listening on port 60258
1638217812187	RemoteAgent	WARN	TLS certificate errors will be ignored for this session
1638217815391	Marionette	INFO	Stopped listening on port 60258

###!!! [Parent][RunMessage] Error: Channel closing: too late to send/recv, messages will be lost

1638217832842	geckodriver	INFO	Listening on 127.0.0.1:60329
1638217832859	mozrunner::runner	INFO	Running command: "/Applications/Firefox.app/Contents/MacOS/firefox-bin" "--marionette" "-headless" "--remote-debugging-port" "60330" "-foreground" "-no-remote" "-profile" "/var/folders/cv/xg6bnmr90z33l_rf_ff7ht140000gn/T/rust_mozprofile4TfBFs"
*** You are running in headless mode.
1638217833321	Marionette	INFO	Marionette enabled
[GFX1-]: RenderCompositorSWGL failed mapping default framebuffer, no dt
console.warn: SearchSettings: "get: No settings file exists, new profile?" (new NotFoundError("Could not open the file at /var/folders/cv/xg6bnmr90z33l_rf_ff7ht140000gn/T/rust_mozprofile4TfBFs/search.json.mozlz4", (void 0)))
console.error: BackgroundUpdate: 
  _reasonsToNotScheduleUpdates: Failed to check for Maintenance Service Registry Key: [Exception... "Component returned failure code: 0x80004001 (NS_ERROR_NOT_IMPLEMENTED) [nsIUpdateProcessor.getServiceRegKeyExists]"  nsresult: "0x80004001 (NS_ERROR_NOT_IMPLEMENTED)"  location: "JS frame :: resource://gre/modules/BackgroundUpdate.jsm :: _reasonsToNotScheduleUpdates :: line 243"  data: no]
DevTools listening on ws://localhost:60330/devtools/browser/05142529-88b2-0b49-a7f6-9c9dbb28aebc
1638217835675	Marionette	INFO	Listening on port 60333
1638217835745	RemoteAgent	WARN	TLS certificate errors will be ignored for this session
1638217838933	Marionette	INFO	Stopped listening on port 60333

###!!! [Parent][RunMessage] Error: Channel closing: too late to send/recv, messages will be lost

1638218158950	geckodriver	INFO	Listening on 127.0.0.1:60427
1638218158966	mozrunner::runner	INFO	Running command: "/Applications/Firefox.app/Contents/MacOS/firefox-bin" "--marionette" "--remote-debugging-port" "60428" "-foreground" "-no-remote" "-profile" "/var/folders/cv/xg6bnmr90z33l_rf_ff7ht140000gn/T/rust_mozprofileaOPMX1"
1638218159541	Marionette	INFO	Marionette enabled
console.warn: SearchSettings: "get: No settings file exists, new profile?" (new NotFoundError("Could not open the file at /var/folders/cv/xg6bnmr90z33l_rf_ff7ht140000gn/T/rust_mozprofileaOPMX1/search.json.mozlz4", (void 0)))
console.error: BackgroundUpdate: 
  _reasonsToNotScheduleUpdates: Failed to check for Maintenance Service Registry Key: [Exception... "Component returned failure code: 0x80004001 (NS_ERROR_NOT_IMPLEMENTED) [nsIUpdateProcessor.getServiceRegKeyExists]"  nsresult: "0x80004001 (NS_ERROR_NOT_IMPLEMENTED)"  location: "JS frame :: resource://gre/modules/BackgroundUpdate.jsm :: _reasonsToNotScheduleUpdates :: line 243"  data: no]
DevTools listening on ws://localhost:60428/devtools/browser/9b08fc0f-3100-6747-aa40-ffda34986746
1638218162570	Marionette	INFO	Listening on port 60431
1638218162686	RemoteAgent	WARN	TLS certificate errors will be ignored for this session
1638218165895	Marionette	INFO	Stopped listening on port 60431

###!!! [Parent][RunMessage] Error: Channel closing: too late to send/recv, messages will be lost

1638218916715	geckodriver	INFO	Listening on 127.0.0.1:60639
1638218916843	mozrunner::runner	INFO	Running command: "/Applications/Firefox.app/Contents/MacOS/firefox-bin" "--marionette" "--remote-debugging-port" "60640" "-foreground" "-no-remote" "-profile" "/var/folders/cv/xg6bnmr90z33l_rf_ff7ht140000gn/T/rust_mozprofilef0ZMSz"
1638218917606	Marionette	INFO	Marionette enabled
console.warn: SearchSettings: "get: No settings file exists, new profile?" (new NotFoundError("Could not open the file at /var/folders/cv/xg6bnmr90z33l_rf_ff7ht140000gn/T/rust_mozprofilef0ZMSz/search.json.mozlz4", (void 0)))
console.error: BackgroundUpdate: 
  _reasonsToNotScheduleUpdates: Failed to check for Maintenance Service Registry Key: [Exception... "Component returned failure code: 0x80004001 (NS_ERROR_NOT_IMPLEMENTED) [nsIUpdateProcessor.getServiceRegKeyExists]"  nsresult: "0x80004001 (NS_ERROR_NOT_IMPLEMENTED)"  location: "JS frame :: resource://gre/modules/BackgroundUpdate.jsm :: _reasonsToNotScheduleUpdates :: line 243"  data: no]
DevTools listening on ws://localhost:60640/devtools/browser/bd4b48f0-d628-2f42-8b16-c17b1744f725
1638218920565	Marionette	INFO	Listening on port 60643
1638218920626	RemoteAgent	WARN	TLS certificate errors will be ignored for this session
1638218925698	Marionette	INFO	Stopped listening on port 60643

###!!! [Parent][RunMessage] Error: Channel closing: too late to send/recv, messages will be lost

1638219073361	geckodriver	INFO	Listening on 127.0.0.1:60737
1638219073386	mozrunner::runner	INFO	Running command: "/Applications/Firefox.app/Contents/MacOS/firefox-bin" "--marionette" "--remote-debugging-port" "60738" "-foreground" "-no-remote" "-profile" "/var/folders/cv/xg6bnmr90z33l_rf_ff7ht140000gn/T/rust_mozprofilevHWJpm"
1638219074042	Marionette	INFO	Marionette enabled
console.warn: SearchSettings: "get: No settings file exists, new profile?" (new NotFoundError("Could not open the file at /var/folders/cv/xg6bnmr90z33l_rf_ff7ht140000gn/T/rust_mozprofilevHWJpm/search.json.mozlz4", (void 0)))
console.error: BackgroundUpdate: 
  _reasonsToNotScheduleUpdates: Failed to check for Maintenance Service Registry Key: [Exception... "Component returned failure code: 0x80004001 (NS_ERROR_NOT_IMPLEMENTED) [nsIUpdateProcessor.getServiceRegKeyExists]"  nsresult: "0x80004001 (NS_ERROR_NOT_IMPLEMENTED)"  location: "JS frame :: resource://gre/modules/BackgroundUpdate.jsm :: _reasonsToNotScheduleUpdates :: line 243"  data: no]
DevTools listening on ws://localhost:60738/devtools/browser/9ebad4b3-f241-7d45-b34a-2d633e54e8d7
1638219076960	Marionette	INFO	Listening on port 60741
1638219077041	RemoteAgent	WARN	TLS certificate errors will be ignored for this session
1638219080463	Marionette	INFO	Stopped listening on port 60741

###!!! [Parent][RunMessage] Error: Channel closing: too late to send/recv, messages will be lost

1638219163422	geckodriver	INFO	Listening on 127.0.0.1:60823
1638219163445	mozrunner::runner	INFO	Running command: "/Applications/Firefox.app/Contents/MacOS/firefox-bin" "--marionette" "--remote-debugging-port" "60824" "-foreground" "-no-remote" "-profile" "/var/folders/cv/xg6bnmr90z33l_rf_ff7ht140000gn/T/rust_mozprofileqB6VUp"
1638219164137	Marionette	INFO	Marionette enabled
console.warn: SearchSettings: "get: No settings file exists, new profile?" (new NotFoundError("Could not open the file at /var/folders/cv/xg6bnmr90z33l_rf_ff7ht140000gn/T/rust_mozprofileqB6VUp/search.json.mozlz4", (void 0)))
console.error: BackgroundUpdate: 
  _reasonsToNotScheduleUpdates: Failed to check for Maintenance Service Registry Key: [Exception... "Component returned failure code: 0x80004001 (NS_ERROR_NOT_IMPLEMENTED) [nsIUpdateProcessor.getServiceRegKeyExists]"  nsresult: "0x80004001 (NS_ERROR_NOT_IMPLEMENTED)"  location: "JS frame :: resource://gre/modules/BackgroundUpdate.jsm :: _reasonsToNotScheduleUpdates :: line 243"  data: no]
DevTools listening on ws://localhost:60824/devtools/browser/c529d6fa-dbf3-d540-a426-8aa244da739c
1638219168317	Marionette	INFO	Listening on port 60827
1638219168443	RemoteAgent	WARN	TLS certificate errors will be ignored for this session
Exiting due to channel error.
[GFX1-]: Receive IPC close with reason=AbnormalShutdown
Exiting due to channel error.
Exiting due to channel error.
1638219206644	geckodriver	INFO	Listening on 127.0.0.1:60917
1638219206683	mozrunner::runner	INFO	Running command: "/Applications/Firefox.app/Contents/MacOS/firefox-bin" "--marionette" "--remote-debugging-port" "60918" "-foreground" "-no-remote" "-profile" "/var/folders/cv/xg6bnmr90z33l_rf_ff7ht140000gn/T/rust_mozprofileXuzPdN"
1638219207208	Marionette	INFO	Marionette enabled
console.warn: SearchSettings: "get: No settings file exists, new profile?" (new NotFoundError("Could not open the file at /var/folders/cv/xg6bnmr90z33l_rf_ff7ht140000gn/T/rust_mozprofileXuzPdN/search.json.mozlz4", (void 0)))
console.error: BackgroundUpdate: 
  _reasonsToNotScheduleUpdates: Failed to check for Maintenance Service Registry Key: [Exception... "Component returned failure code: 0x80004001 (NS_ERROR_NOT_IMPLEMENTED) [nsIUpdateProcessor.getServiceRegKeyExists]"  nsresult: "0x80004001 (NS_ERROR_NOT_IMPLEMENTED)"  location: "JS frame :: resource://gre/modules/BackgroundUpdate.jsm :: _reasonsToNotScheduleUpdates :: line 243"  data: no]
DevTools listening on ws://localhost:60918/devtools/browser/c085de45-ba1d-6e43-bd9f-321c28030769
1638219210102	Marionette	INFO	Listening on port 60921
1638219210214	RemoteAgent	WARN	TLS certificate errors will be ignored for this session
1638219214011	Marionette	INFO	Stopped listening on port 60921
1638219506583	geckodriver	INFO	Listening on 127.0.0.1:61037
1638219506620	mozrunner::runner	INFO	Running command: "/Applications/Firefox.app/Contents/MacOS/firefox-bin" "--marionette" "--remote-debugging-port" "61038" "-foreground" "-no-remote" "-profile" "/var/folders/cv/xg6bnmr90z33l_rf_ff7ht140000gn/T/rust_mozprofilecLKmuI"
1638219507886	Marionette	INFO	Marionette enabled
console.warn: SearchSettings: "get: No settings file exists, new profile?" (new NotFoundError("Could not open the file at /var/folders/cv/xg6bnmr90z33l_rf_ff7ht140000gn/T/rust_mozprofilecLKmuI/search.json.mozlz4", (void 0)))
console.error: BackgroundUpdate: 
  _reasonsToNotScheduleUpdates: Failed to check for Maintenance Service Registry Key: [Exception... "Component returned failure code: 0x80004001 (NS_ERROR_NOT_IMPLEMENTED) [nsIUpdateProcessor.getServiceRegKeyExists]"  nsresult: "0x80004001 (NS_ERROR_NOT_IMPLEMENTED)"  location: "JS frame :: resource://gre/modules/BackgroundUpdate.jsm :: _reasonsToNotScheduleUpdates :: line 243"  data: no]
DevTools listening on ws://localhost:61038/devtools/browser/96328a0d-7475-7f42-96b0-5c7f6c272fcb
1638219511542	Marionette	INFO	Listening on port 61041
1638219511659	RemoteAgent	WARN	TLS certificate errors will be ignored for this session
1638219517016	Marionette	INFO	Stopped listening on port 61041
1638220097081	geckodriver	INFO	Listening on 127.0.0.1:61236
1638220097118	mozrunner::runner	INFO	Running command: "/Applications/Firefox.app/Contents/MacOS/firefox-bin" "--marionette" "--remote-debugging-port" "61237" "-foreground" "-no-remote" "-profile" "/var/folders/cv/xg6bnmr90z33l_rf_ff7ht140000gn/T/rust_mozprofileaqmzHu"
1638220097629	Marionette	INFO	Marionette enabled
console.warn: SearchSettings: "get: No settings file exists, new profile?" (new NotFoundError("Could not open the file at /var/folders/cv/xg6bnmr90z33l_rf_ff7ht140000gn/T/rust_mozprofileaqmzHu/search.json.mozlz4", (void 0)))
console.error: BackgroundUpdate: 
  _reasonsToNotScheduleUpdates: Failed to check for Maintenance Service Registry Key: [Exception... "Component returned failure code: 0x80004001 (NS_ERROR_NOT_IMPLEMENTED) [nsIUpdateProcessor.getServiceRegKeyExists]"  nsresult: "0x80004001 (NS_ERROR_NOT_IMPLEMENTED)"  location: "JS frame :: resource://gre/modules/BackgroundUpdate.jsm :: _reasonsToNotScheduleUpdates :: line 243"  data: no]
DevTools listening on ws://localhost:61237/devtools/browser/c4f5210e-049c-2a4c-8303-fa1cd8b830d2
1638220101008	Marionette	INFO	Listening on port 61240
1638220101058	RemoteAgent	WARN	TLS certificate errors will be ignored for this session
Exiting due to channel error.
Exiting due to channel error.
Exiting due to channel error.
1638220143225	geckodriver	INFO	Listening on 127.0.0.1:61335
1638220143256	mozrunner::runner	INFO	Running command: "/Applications/Firefox.app/Contents/MacOS/firefox-bin" "--marionette" "--remote-debugging-port" "61336" "-foreground" "-no-remote" "-profile" "/var/folders/cv/xg6bnmr90z33l_rf_ff7ht140000gn/T/rust_mozprofileacfC4o"
1638220143919	Marionette	INFO	Marionette enabled
console.warn: SearchSettings: "get: No settings file exists, new profile?" (new NotFoundError("Could not open the file at /var/folders/cv/xg6bnmr90z33l_rf_ff7ht140000gn/T/rust_mozprofileacfC4o/search.json.mozlz4", (void 0)))
console.error: BackgroundUpdate: 
  _reasonsToNotScheduleUpdates: Failed to check for Maintenance Service Registry Key: [Exception... "Component returned failure code: 0x80004001 (NS_ERROR_NOT_IMPLEMENTED) [nsIUpdateProcessor.getServiceRegKeyExists]"  nsresult: "0x80004001 (NS_ERROR_NOT_IMPLEMENTED)"  location: "JS frame :: resource://gre/modules/BackgroundUpdate.jsm :: _reasonsToNotScheduleUpdates :: line 243"  data: no]
DevTools listening on ws://localhost:61336/devtools/browser/a973b75a-a291-e248-a624-678164959aa7
1638220147106	Marionette	INFO	Listening on port 61339
1638220147134	RemoteAgent	WARN	TLS certificate errors will be ignored for this session
1638220150235	Marionette	INFO	Stopped listening on port 61339

###!!! [Parent][RunMessage] Error: Channel closing: too late to send/recv, messages will be lost

1638220201841	geckodriver	INFO	Listening on 127.0.0.1:61411
1638220201864	mozrunner::runner	INFO	Running command: "/Applications/Firefox.app/Contents/MacOS/firefox-bin" "--marionette" "--remote-debugging-port" "61412" "-foreground" "-no-remote" "-profile" "/var/folders/cv/xg6bnmr90z33l_rf_ff7ht140000gn/T/rust_mozprofileTL1xHk"
1638220202436	Marionette	INFO	Marionette enabled
console.warn: SearchSettings: "get: No settings file exists, new profile?" (new NotFoundError("Could not open the file at /var/folders/cv/xg6bnmr90z33l_rf_ff7ht140000gn/T/rust_mozprofileTL1xHk/search.json.mozlz4", (void 0)))
console.error: BackgroundUpdate: 
  _reasonsToNotScheduleUpdates: Failed to check for Maintenance Service Registry Key: [Exception... "Component returned failure code: 0x80004001 (NS_ERROR_NOT_IMPLEMENTED) [nsIUpdateProcessor.getServiceRegKeyExists]"  nsresult: "0x80004001 (NS_ERROR_NOT_IMPLEMENTED)"  location: "JS frame :: resource://gre/modules/BackgroundUpdate.jsm :: _reasonsToNotScheduleUpdates :: line 243"  data: no]
DevTools listening on ws://localhost:61412/devtools/browser/dc60483a-9309-3a41-a701-988210da8f38
1638220205361	Marionette	INFO	Listening on port 61415
1638220205396	RemoteAgent	WARN	TLS certificate errors will be ignored for this session
Exiting due to channel error.
Exiting due to channel error.
Exiting due to channel error.
1638220344557	geckodriver	INFO	Listening on 127.0.0.1:61506
1638220344571	mozrunner::runner	INFO	Running command: "/Applications/Firefox.app/Contents/MacOS/firefox-bin" "--marionette" "--remote-debugging-port" "61507" "-foreground" "-no-remote" "-profile" "/var/folders/cv/xg6bnmr90z33l_rf_ff7ht140000gn/T/rust_mozprofileCRSUeu"
1638220345222	Marionette	INFO	Marionette enabled
console.warn: SearchSettings: "get: No settings file exists, new profile?" (new NotFoundError("Could not open the file at /var/folders/cv/xg6bnmr90z33l_rf_ff7ht140000gn/T/rust_mozprofileCRSUeu/search.json.mozlz4", (void 0)))
console.error: BackgroundUpdate: 
  _reasonsToNotScheduleUpdates: Failed to check for Maintenance Service Registry Key: [Exception... "Component returned failure code: 0x80004001 (NS_ERROR_NOT_IMPLEMENTED) [nsIUpdateProcessor.getServiceRegKeyExists]"  nsresult: "0x80004001 (NS_ERROR_NOT_IMPLEMENTED)"  location: "JS frame :: resource://gre/modules/BackgroundUpdate.jsm :: _reasonsToNotScheduleUpdates :: line 243"  data: no]
DevTools listening on ws://localhost:61507/devtools/browser/57528019-bd3e-044f-a737-87903049986e
1638220348081	Marionette	INFO	Listening on port 61510
1638220348127	RemoteAgent	WARN	TLS certificate errors will be ignored for this session
Exiting due to channel error.
Exiting due to channel error.
Exiting due to channel error.
1638220614219	geckodriver	INFO	Listening on 127.0.0.1:61616
1638220614243	mozrunner::runner	INFO	Running command: "/Applications/Firefox.app/Contents/MacOS/firefox-bin" "--marionette" "--remote-debugging-port" "61617" "-foreground" "-no-remote" "-profile" "/var/folders/cv/xg6bnmr90z33l_rf_ff7ht140000gn/T/rust_mozprofileEknBL5"
1638220614967	Marionette	INFO	Marionette enabled
console.warn: SearchSettings: "get: No settings file exists, new profile?" (new NotFoundError("Could not open the file at /var/folders/cv/xg6bnmr90z33l_rf_ff7ht140000gn/T/rust_mozprofileEknBL5/search.json.mozlz4", (void 0)))
console.error: BackgroundUpdate: 
  _reasonsToNotScheduleUpdates: Failed to check for Maintenance Service Registry Key: [Exception... "Component returned failure code: 0x80004001 (NS_ERROR_NOT_IMPLEMENTED) [nsIUpdateProcessor.getServiceRegKeyExists]"  nsresult: "0x80004001 (NS_ERROR_NOT_IMPLEMENTED)"  location: "JS frame :: resource://gre/modules/BackgroundUpdate.jsm :: _reasonsToNotScheduleUpdates :: line 243"  data: no]
DevTools listening on ws://localhost:61617/devtools/browser/9d92e64b-0bc9-9448-b707-5e6e456a53b0
1638220617949	Marionette	INFO	Listening on port 61620
1638220617996	RemoteAgent	WARN	TLS certificate errors will be ignored for this session
1638220622605	Marionette	INFO	Stopped listening on port 61620
1638220929183	geckodriver	INFO	Listening on 127.0.0.1:61740
1638220929200	mozrunner::runner	INFO	Running command: "/Applications/Firefox.app/Contents/MacOS/firefox-bin" "--marionette" "--remote-debugging-port" "61741" "-foreground" "-no-remote" "-profile" "/var/folders/cv/xg6bnmr90z33l_rf_ff7ht140000gn/T/rust_mozprofileV256mf"
1638220929904	Marionette	INFO	Marionette enabled
console.warn: SearchSettings: "get: No settings file exists, new profile?" (new NotFoundError("Could not open the file at /var/folders/cv/xg6bnmr90z33l_rf_ff7ht140000gn/T/rust_mozprofileV256mf/search.json.mozlz4", (void 0)))
console.error: BackgroundUpdate: 
  _reasonsToNotScheduleUpdates: Failed to check for Maintenance Service Registry Key: [Exception... "Component returned failure code: 0x80004001 (NS_ERROR_NOT_IMPLEMENTED) [nsIUpdateProcessor.getServiceRegKeyExists]"  nsresult: "0x80004001 (NS_ERROR_NOT_IMPLEMENTED)"  location: "JS frame :: resource://gre/modules/BackgroundUpdate.jsm :: _reasonsToNotScheduleUpdates :: line 243"  data: no]
DevTools listening on ws://localhost:61741/devtools/browser/a6a979e0-11ac-4046-8506-5e1523c0f07f
1638220933287	Marionette	INFO	Listening on port 61744
1638220933354	RemoteAgent	WARN	TLS certificate errors will be ignored for this session
1638220936318	Marionette	INFO	Stopped listening on port 61744

###!!! [Parent][RunMessage] Error: Channel closing: too late to send/recv, messages will be lost

1638221087969	geckodriver	INFO	Listening on 127.0.0.1:61826
1638221087987	mozrunner::runner	INFO	Running command: "/Applications/Firefox.app/Contents/MacOS/firefox-bin" "--marionette" "--remote-debugging-port" "61827" "-foreground" "-no-remote" "-profile" "/var/folders/cv/xg6bnmr90z33l_rf_ff7ht140000gn/T/rust_mozprofileP1iUVS"
1638221088632	Marionette	INFO	Marionette enabled
console.warn: SearchSettings: "get: No settings file exists, new profile?" (new NotFoundError("Could not open the file at /var/folders/cv/xg6bnmr90z33l_rf_ff7ht140000gn/T/rust_mozprofileP1iUVS/search.json.mozlz4", (void 0)))
console.error: BackgroundUpdate: 
  _reasonsToNotScheduleUpdates: Failed to check for Maintenance Service Registry Key: [Exception... "Component returned failure code: 0x80004001 (NS_ERROR_NOT_IMPLEMENTED) [nsIUpdateProcessor.getServiceRegKeyExists]"  nsresult: "0x80004001 (NS_ERROR_NOT_IMPLEMENTED)"  location: "JS frame :: resource://gre/modules/BackgroundUpdate.jsm :: _reasonsToNotScheduleUpdates :: line 243"  data: no]
DevTools listening on ws://localhost:61827/devtools/browser/e06ebc20-5bc2-d143-b3bb-c891067a547f
1638221091986	Marionette	INFO	Listening on port 61830
1638221092033	RemoteAgent	WARN	TLS certificate errors will be ignored for this session
[GFX1-]: Receive IPC close with reason=AbnormalShutdown
Exiting due to channel error.
Exiting due to channel error.
[GFX1-]: Receive IPC close with reason=AbnormalShutdown
Exiting due to channel error.
1638221345520	geckodriver	INFO	Listening on 127.0.0.1:61949
1638221345545	mozrunner::runner	INFO	Running command: "/Applications/Firefox.app/Contents/MacOS/firefox-bin" "--marionette" "--remote-debugging-port" "61950" "-foreground" "-no-remote" "-profile" "/var/folders/cv/xg6bnmr90z33l_rf_ff7ht140000gn/T/rust_mozprofilePq8MoV"
1638221346233	Marionette	INFO	Marionette enabled
console.warn: SearchSettings: "get: No settings file exists, new profile?" (new NotFoundError("Could not open the file at /var/folders/cv/xg6bnmr90z33l_rf_ff7ht140000gn/T/rust_mozprofilePq8MoV/search.json.mozlz4", (void 0)))
console.error: BackgroundUpdate: 
  _reasonsToNotScheduleUpdates: Failed to check for Maintenance Service Registry Key: [Exception... "Component returned failure code: 0x80004001 (NS_ERROR_NOT_IMPLEMENTED) [nsIUpdateProcessor.getServiceRegKeyExists]"  nsresult: "0x80004001 (NS_ERROR_NOT_IMPLEMENTED)"  location: "JS frame :: resource://gre/modules/BackgroundUpdate.jsm :: _reasonsToNotScheduleUpdates :: line 243"  data: no]
DevTools listening on ws://localhost:61950/devtools/browser/e8ad3339-2af9-154a-affc-3822ef0d6831
1638221349495	Marionette	INFO	Listening on port 61953
1638221349595	RemoteAgent	WARN	TLS certificate errors will be ignored for this session
Exiting due to channel error.
Exiting due to channel error.
[GFX1-]: Receive IPC close with reason=AbnormalShutdown
Exiting due to channel error.
1638221379355	geckodriver	INFO	Listening on 127.0.0.1:62041
1638221379386	mozrunner::runner	INFO	Running command: "/Applications/Firefox.app/Contents/MacOS/firefox-bin" "--marionette" "--remote-debugging-port" "62042" "-foreground" "-no-remote" "-profile" "/var/folders/cv/xg6bnmr90z33l_rf_ff7ht140000gn/T/rust_mozprofileMgcPkY"
1638221380019	Marionette	INFO	Marionette enabled
console.warn: SearchSettings: "get: No settings file exists, new profile?" (new NotFoundError("Could not open the file at /var/folders/cv/xg6bnmr90z33l_rf_ff7ht140000gn/T/rust_mozprofileMgcPkY/search.json.mozlz4", (void 0)))
console.error: BackgroundUpdate: 
  _reasonsToNotScheduleUpdates: Failed to check for Maintenance Service Registry Key: [Exception... "Component returned failure code: 0x80004001 (NS_ERROR_NOT_IMPLEMENTED) [nsIUpdateProcessor.getServiceRegKeyExists]"  nsresult: "0x80004001 (NS_ERROR_NOT_IMPLEMENTED)"  location: "JS frame :: resource://gre/modules/BackgroundUpdate.jsm :: _reasonsToNotScheduleUpdates :: line 243"  data: no]
DevTools listening on ws://localhost:62042/devtools/browser/a0b4d360-9e7c-6444-8013-4d1271375d01
1638221383235	Marionette	INFO	Listening on port 62045
1638221383353	RemoteAgent	WARN	TLS certificate errors will be ignored for this session
[GFX1-]: Receive IPC close with reason=AbnormalShutdown
[GFX1-]: Receive IPC close with reason=AbnormalShutdown
Exiting due to channel error.
Exiting due to channel error.
Exiting due to channel error.
1638221603714	geckodriver	INFO	Listening on 127.0.0.1:62162
1638221603748	mozrunner::runner	INFO	Running command: "/Applications/Firefox.app/Contents/MacOS/firefox-bin" "--marionette" "--remote-debugging-port" "62163" "-foreground" "-no-remote" "-profile" "/var/folders/cv/xg6bnmr90z33l_rf_ff7ht140000gn/T/rust_mozprofileLyZ4QT"
1638221604282	Marionette	INFO	Marionette enabled
console.warn: SearchSettings: "get: No settings file exists, new profile?" (new NotFoundError("Could not open the file at /var/folders/cv/xg6bnmr90z33l_rf_ff7ht140000gn/T/rust_mozprofileLyZ4QT/search.json.mozlz4", (void 0)))
console.error: BackgroundUpdate: 
  _reasonsToNotScheduleUpdates: Failed to check for Maintenance Service Registry Key: [Exception... "Component returned failure code: 0x80004001 (NS_ERROR_NOT_IMPLEMENTED) [nsIUpdateProcessor.getServiceRegKeyExists]"  nsresult: "0x80004001 (NS_ERROR_NOT_IMPLEMENTED)"  location: "JS frame :: resource://gre/modules/BackgroundUpdate.jsm :: _reasonsToNotScheduleUpdates :: line 243"  data: no]
DevTools listening on ws://localhost:62163/devtools/browser/9c750e30-d419-c844-ba29-2ae893500974
1638221608179	Marionette	INFO	Listening on port 62166
1638221608306	RemoteAgent	WARN	TLS certificate errors will be ignored for this session
[GFX1-]: Receive IPC close with reason=AbnormalShutdown
Exiting due to channel error.
Exiting due to channel error.
Exiting due to channel error.
1638221936572	geckodriver	INFO	Listening on 127.0.0.1:62292
1638221936604	mozrunner::runner	INFO	Running command: "/Applications/Firefox.app/Contents/MacOS/firefox-bin" "--marionette" "--remote-debugging-port" "62293" "-foreground" "-no-remote" "-profile" "/var/folders/cv/xg6bnmr90z33l_rf_ff7ht140000gn/T/rust_mozprofileOAuKdN"
1638221937329	Marionette	INFO	Marionette enabled
console.warn: SearchSettings: "get: No settings file exists, new profile?" (new NotFoundError("Could not open the file at /var/folders/cv/xg6bnmr90z33l_rf_ff7ht140000gn/T/rust_mozprofileOAuKdN/search.json.mozlz4", (void 0)))
console.error: BackgroundUpdate: 
  _reasonsToNotScheduleUpdates: Failed to check for Maintenance Service Registry Key: [Exception... "Component returned failure code: 0x80004001 (NS_ERROR_NOT_IMPLEMENTED) [nsIUpdateProcessor.getServiceRegKeyExists]"  nsresult: "0x80004001 (NS_ERROR_NOT_IMPLEMENTED)"  location: "JS frame :: resource://gre/modules/BackgroundUpdate.jsm :: _reasonsToNotScheduleUpdates :: line 243"  data: no]
DevTools listening on ws://localhost:62293/devtools/browser/6a2460f3-9f82-a940-b33f-43d6a63854a2
1638221940030	Marionette	INFO	Listening on port 62296
1638221940399	RemoteAgent	WARN	TLS certificate errors will be ignored for this session
1638221945184	Marionette	INFO	Stopped listening on port 62296
1638222127172	geckodriver	INFO	Listening on 127.0.0.1:62387
1638222127195	mozrunner::runner	INFO	Running command: "/Applications/Firefox.app/Contents/MacOS/firefox-bin" "--marionette" "--remote-debugging-port" "62388" "-foreground" "-no-remote" "-profile" "/var/folders/cv/xg6bnmr90z33l_rf_ff7ht140000gn/T/rust_mozprofileSVnAHG"
1638222127885	Marionette	INFO	Marionette enabled
console.warn: SearchSettings: "get: No settings file exists, new profile?" (new NotFoundError("Could not open the file at /var/folders/cv/xg6bnmr90z33l_rf_ff7ht140000gn/T/rust_mozprofileSVnAHG/search.json.mozlz4", (void 0)))
console.error: BackgroundUpdate: 
  _reasonsToNotScheduleUpdates: Failed to check for Maintenance Service Registry Key: [Exception... "Component returned failure code: 0x80004001 (NS_ERROR_NOT_IMPLEMENTED) [nsIUpdateProcessor.getServiceRegKeyExists]"  nsresult: "0x80004001 (NS_ERROR_NOT_IMPLEMENTED)"  location: "JS frame :: resource://gre/modules/BackgroundUpdate.jsm :: _reasonsToNotScheduleUpdates :: line 243"  data: no]
DevTools listening on ws://localhost:62388/devtools/browser/3b009f3a-9294-af48-87e4-67828e1d90c0
1638222130486	Marionette	INFO	Listening on port 62391
1638222130548	RemoteAgent	WARN	TLS certificate errors will be ignored for this session
1638222134695	Marionette	INFO	Stopped listening on port 62391

###!!! [Parent][RunMessage] Error: Channel closing: too late to send/recv, messages will be lost

1638222250158	geckodriver	INFO	Listening on 127.0.0.1:62471
1638222250176	mozrunner::runner	INFO	Running command: "/Applications/Firefox.app/Contents/MacOS/firefox-bin" "--marionette" "--remote-debugging-port" "62472" "-foreground" "-no-remote" "-profile" "/var/folders/cv/xg6bnmr90z33l_rf_ff7ht140000gn/T/rust_mozprofileV1gY9I"
1638222250727	Marionette	INFO	Marionette enabled
console.warn: SearchSettings: "get: No settings file exists, new profile?" (new NotFoundError("Could not open the file at /var/folders/cv/xg6bnmr90z33l_rf_ff7ht140000gn/T/rust_mozprofileV1gY9I/search.json.mozlz4", (void 0)))
console.error: BackgroundUpdate: 
  _reasonsToNotScheduleUpdates: Failed to check for Maintenance Service Registry Key: [Exception... "Component returned failure code: 0x80004001 (NS_ERROR_NOT_IMPLEMENTED) [nsIUpdateProcessor.getServiceRegKeyExists]"  nsresult: "0x80004001 (NS_ERROR_NOT_IMPLEMENTED)"  location: "JS frame :: resource://gre/modules/BackgroundUpdate.jsm :: _reasonsToNotScheduleUpdates :: line 243"  data: no]
DevTools listening on ws://localhost:62472/devtools/browser/bd0b1645-59cc-9d4d-a95c-98155d86b515
1638222253505	Marionette	INFO	Listening on port 62475
1638222253618	RemoteAgent	WARN	TLS certificate errors will be ignored for this session
1638222258279	Marionette	INFO	Stopped listening on port 62475

###!!! [Parent][RunMessage] Error: Channel closing: too late to send/recv, messages will be lost

1638222346898	geckodriver	INFO	Listening on 127.0.0.1:62563
1638222346921	mozrunner::runner	INFO	Running command: "/Applications/Firefox.app/Contents/MacOS/firefox-bin" "--marionette" "--remote-debugging-port" "62564" "-foreground" "-no-remote" "-profile" "/var/folders/cv/xg6bnmr90z33l_rf_ff7ht140000gn/T/rust_mozprofilecdYRpD"
1638222347440	Marionette	INFO	Marionette enabled
console.warn: SearchSettings: "get: No settings file exists, new profile?" (new NotFoundError("Could not open the file at /var/folders/cv/xg6bnmr90z33l_rf_ff7ht140000gn/T/rust_mozprofilecdYRpD/search.json.mozlz4", (void 0)))
console.error: BackgroundUpdate: 
  _reasonsToNotScheduleUpdates: Failed to check for Maintenance Service Registry Key: [Exception... "Component returned failure code: 0x80004001 (NS_ERROR_NOT_IMPLEMENTED) [nsIUpdateProcessor.getServiceRegKeyExists]"  nsresult: "0x80004001 (NS_ERROR_NOT_IMPLEMENTED)"  location: "JS frame :: resource://gre/modules/BackgroundUpdate.jsm :: _reasonsToNotScheduleUpdates :: line 243"  data: no]
DevTools listening on ws://localhost:62564/devtools/browser/023a9198-2245-7e43-b57d-3a56fda402d9
1638222350318	Marionette	INFO	Listening on port 62567
1638222350352	RemoteAgent	WARN	TLS certificate errors will be ignored for this session
1638222354059	Marionette	INFO	Stopped listening on port 62567
1638222364305	geckodriver	INFO	Listening on 127.0.0.1:62636
1638222364321	mozrunner::runner	INFO	Running command: "/Applications/Firefox.app/Contents/MacOS/firefox-bin" "--marionette" "--remote-debugging-port" "62637" "-foreground" "-no-remote" "-profile" "/var/folders/cv/xg6bnmr90z33l_rf_ff7ht140000gn/T/rust_mozprofileqWugYx"
1638222364967	Marionette	INFO	Marionette enabled
console.warn: SearchSettings: "get: No settings file exists, new profile?" (new NotFoundError("Could not open the file at /var/folders/cv/xg6bnmr90z33l_rf_ff7ht140000gn/T/rust_mozprofileqWugYx/search.json.mozlz4", (void 0)))
console.error: BackgroundUpdate: 
  _reasonsToNotScheduleUpdates: Failed to check for Maintenance Service Registry Key: [Exception... "Component returned failure code: 0x80004001 (NS_ERROR_NOT_IMPLEMENTED) [nsIUpdateProcessor.getServiceRegKeyExists]"  nsresult: "0x80004001 (NS_ERROR_NOT_IMPLEMENTED)"  location: "JS frame :: resource://gre/modules/BackgroundUpdate.jsm :: _reasonsToNotScheduleUpdates :: line 243"  data: no]
DevTools listening on ws://localhost:62637/devtools/browser/ad1336de-f6ff-3c4c-8635-32d13b1c7556
1638222368522	Marionette	INFO	Listening on port 62640
1638222368570	RemoteAgent	WARN	TLS certificate errors will be ignored for this session
1638222373511	Marionette	INFO	Stopped listening on port 62640
1638222513803	geckodriver	INFO	Listening on 127.0.0.1:62746
1638222513820	mozrunner::runner	INFO	Running command: "/Applications/Firefox.app/Contents/MacOS/firefox-bin" "--marionette" "--remote-debugging-port" "62747" "-foreground" "-no-remote" "-profile" "/var/folders/cv/xg6bnmr90z33l_rf_ff7ht140000gn/T/rust_mozprofilecxqfkP"
1638222514413	Marionette	INFO	Marionette enabled
console.warn: SearchSettings: "get: No settings file exists, new profile?" (new NotFoundError("Could not open the file at /var/folders/cv/xg6bnmr90z33l_rf_ff7ht140000gn/T/rust_mozprofilecxqfkP/search.json.mozlz4", (void 0)))
console.error: BackgroundUpdate: 
  _reasonsToNotScheduleUpdates: Failed to check for Maintenance Service Registry Key: [Exception... "Component returned failure code: 0x80004001 (NS_ERROR_NOT_IMPLEMENTED) [nsIUpdateProcessor.getServiceRegKeyExists]"  nsresult: "0x80004001 (NS_ERROR_NOT_IMPLEMENTED)"  location: "JS frame :: resource://gre/modules/BackgroundUpdate.jsm :: _reasonsToNotScheduleUpdates :: line 243"  data: no]
DevTools listening on ws://localhost:62747/devtools/browser/de6119f1-b172-3c45-9ccf-dd1baa8267a5
1638222518055	Marionette	INFO	Listening on port 62750
1638222518111	RemoteAgent	WARN	TLS certificate errors will be ignored for this session
1638222523377	Marionette	INFO	Stopped listening on port 62750

###!!! [Parent][RunMessage] Error: Channel closing: too late to send/recv, messages will be lost

1638222610981	geckodriver	INFO	Listening on 127.0.0.1:62890
1638222611004	mozrunner::runner	INFO	Running command: "/Applications/Firefox.app/Contents/MacOS/firefox-bin" "--marionette" "--remote-debugging-port" "62891" "-foreground" "-no-remote" "-profile" "/var/folders/cv/xg6bnmr90z33l_rf_ff7ht140000gn/T/rust_mozprofilefAqsAC"
1638222611698	Marionette	INFO	Marionette enabled
console.warn: SearchSettings: "get: No settings file exists, new profile?" (new NotFoundError("Could not open the file at /var/folders/cv/xg6bnmr90z33l_rf_ff7ht140000gn/T/rust_mozprofilefAqsAC/search.json.mozlz4", (void 0)))
console.error: BackgroundUpdate: 
  _reasonsToNotScheduleUpdates: Failed to check for Maintenance Service Registry Key: [Exception... "Component returned failure code: 0x80004001 (NS_ERROR_NOT_IMPLEMENTED) [nsIUpdateProcessor.getServiceRegKeyExists]"  nsresult: "0x80004001 (NS_ERROR_NOT_IMPLEMENTED)"  location: "JS frame :: resource://gre/modules/BackgroundUpdate.jsm :: _reasonsToNotScheduleUpdates :: line 243"  data: no]
DevTools listening on ws://localhost:62891/devtools/browser/bcbe95ec-5bf4-9743-9328-d6dbabf8d598
1638222614519	Marionette	INFO	Listening on port 62894
1638222614580	RemoteAgent	WARN	TLS certificate errors will be ignored for this session
1638222646947	Marionette	INFO	Stopped listening on port 62894
console.warn: TopSitesFeed: Failed to fetch data from Contile server: NetworkError when attempting to fetch resource.

###!!! [Parent][RunMessage] Error: Channel closing: too late to send/recv, messages will be lost

1638222707740	geckodriver	INFO	Listening on 127.0.0.1:62982
1638222707777	mozrunner::runner	INFO	Running command: "/Applications/Firefox.app/Contents/MacOS/firefox-bin" "--marionette" "-headless" "--remote-debugging-port" "62983" "-foreground" "-no-remote" "-profile" "/var/folders/cv/xg6bnmr90z33l_rf_ff7ht140000gn/T/rust_mozprofilev8EsWo"
*** You are running in headless mode.
1638222708301	Marionette	INFO	Marionette enabled
[GFX1-]: RenderCompositorSWGL failed mapping default framebuffer, no dt
console.warn: SearchSettings: "get: No settings file exists, new profile?" (new NotFoundError("Could not open the file at /var/folders/cv/xg6bnmr90z33l_rf_ff7ht140000gn/T/rust_mozprofilev8EsWo/search.json.mozlz4", (void 0)))
console.error: BackgroundUpdate: 
  _reasonsToNotScheduleUpdates: Failed to check for Maintenance Service Registry Key: [Exception... "Component returned failure code: 0x80004001 (NS_ERROR_NOT_IMPLEMENTED) [nsIUpdateProcessor.getServiceRegKeyExists]"  nsresult: "0x80004001 (NS_ERROR_NOT_IMPLEMENTED)"  location: "JS frame :: resource://gre/modules/BackgroundUpdate.jsm :: _reasonsToNotScheduleUpdates :: line 243"  data: no]
DevTools listening on ws://localhost:62983/devtools/browser/c2d19865-f9f5-bb4d-bd8e-7c2cb65aec19
1638222710750	Marionette	INFO	Listening on port 62986
1638222710805	RemoteAgent	WARN	TLS certificate errors will be ignored for this session
1638222714965	Marionette	INFO	Stopped listening on port 62986

###!!! [Parent][RunMessage] Error: Channel closing: too late to send/recv, messages will be lost

1638222800078	geckodriver	INFO	Listening on 127.0.0.1:63089
1638222800136	mozrunner::runner	INFO	Running command: "/Applications/Firefox.app/Contents/MacOS/firefox-bin" "--marionette" "-headless" "--remote-debugging-port" "63090" "-foreground" "-no-remote" "-profile" "/var/folders/cv/xg6bnmr90z33l_rf_ff7ht140000gn/T/rust_mozprofileoN5fDn"
*** You are running in headless mode.
1638222800665	Marionette	INFO	Marionette enabled
[GFX1-]: RenderCompositorSWGL failed mapping default framebuffer, no dt
console.warn: SearchSettings: "get: No settings file exists, new profile?" (new NotFoundError("Could not open the file at /var/folders/cv/xg6bnmr90z33l_rf_ff7ht140000gn/T/rust_mozprofileoN5fDn/search.json.mozlz4", (void 0)))
console.error: BackgroundUpdate: 
  _reasonsToNotScheduleUpdates: Failed to check for Maintenance Service Registry Key: [Exception... "Component returned failure code: 0x80004001 (NS_ERROR_NOT_IMPLEMENTED) [nsIUpdateProcessor.getServiceRegKeyExists]"  nsresult: "0x80004001 (NS_ERROR_NOT_IMPLEMENTED)"  location: "JS frame :: resource://gre/modules/BackgroundUpdate.jsm :: _reasonsToNotScheduleUpdates :: line 243"  data: no]
DevTools listening on ws://localhost:63090/devtools/browser/0c83a1cb-83ca-d14f-97f5-f3abaaf67d09
1638222802975	Marionette	INFO	Listening on port 63093
1638222803052	RemoteAgent	WARN	TLS certificate errors will be ignored for this session
1638222808653	Marionette	INFO	Stopped listening on port 63093
1638222859502	geckodriver	INFO	Listening on 127.0.0.1:63235
1638222859522	mozrunner::runner	INFO	Running command: "/Applications/Firefox.app/Contents/MacOS/firefox-bin" "--marionette" "-headless" "--remote-debugging-port" "63236" "-foreground" "-no-remote" "-profile" "/var/folders/cv/xg6bnmr90z33l_rf_ff7ht140000gn/T/rust_mozprofilepFxi6k"
*** You are running in headless mode.
1638222859982	Marionette	INFO	Marionette enabled
[GFX1-]: RenderCompositorSWGL failed mapping default framebuffer, no dt
console.warn: SearchSettings: "get: No settings file exists, new profile?" (new NotFoundError("Could not open the file at /var/folders/cv/xg6bnmr90z33l_rf_ff7ht140000gn/T/rust_mozprofilepFxi6k/search.json.mozlz4", (void 0)))
console.error: BackgroundUpdate: 
  _reasonsToNotScheduleUpdates: Failed to check for Maintenance Service Registry Key: [Exception... "Component returned failure code: 0x80004001 (NS_ERROR_NOT_IMPLEMENTED) [nsIUpdateProcessor.getServiceRegKeyExists]"  nsresult: "0x80004001 (NS_ERROR_NOT_IMPLEMENTED)"  location: "JS frame :: resource://gre/modules/BackgroundUpdate.jsm :: _reasonsToNotScheduleUpdates :: line 243"  data: no]
DevTools listening on ws://localhost:63236/devtools/browser/d4dea88b-130d-864a-afc7-6c913ba02c34
1638222862766	Marionette	INFO	Listening on port 63239
1638222862861	RemoteAgent	WARN	TLS certificate errors will be ignored for this session
1638222867171	Marionette	INFO	Stopped listening on port 63239
1638222908965	geckodriver	INFO	Listening on 127.0.0.1:63324
1638222909091	mozrunner::runner	INFO	Running command: "/Applications/Firefox.app/Contents/MacOS/firefox-bin" "--marionette" "-headless" "--remote-debugging-port" "63325" "-foreground" "-no-remote" "-profile" "/var/folders/cv/xg6bnmr90z33l_rf_ff7ht140000gn/T/rust_mozprofilefdJ3YL"
*** You are running in headless mode.
1638222909557	Marionette	INFO	Marionette enabled
[GFX1-]: RenderCompositorSWGL failed mapping default framebuffer, no dt
console.warn: SearchSettings: "get: No settings file exists, new profile?" (new NotFoundError("Could not open the file at /var/folders/cv/xg6bnmr90z33l_rf_ff7ht140000gn/T/rust_mozprofilefdJ3YL/search.json.mozlz4", (void 0)))
console.error: BackgroundUpdate: 
  _reasonsToNotScheduleUpdates: Failed to check for Maintenance Service Registry Key: [Exception... "Component returned failure code: 0x80004001 (NS_ERROR_NOT_IMPLEMENTED) [nsIUpdateProcessor.getServiceRegKeyExists]"  nsresult: "0x80004001 (NS_ERROR_NOT_IMPLEMENTED)"  location: "JS frame :: resource://gre/modules/BackgroundUpdate.jsm :: _reasonsToNotScheduleUpdates :: line 243"  data: no]
DevTools listening on ws://localhost:63325/devtools/browser/f45d4ed5-12ec-d649-9892-0a63f0e809c9
1638222911685	Marionette	INFO	Listening on port 63328
1638222911809	RemoteAgent	WARN	TLS certificate errors will be ignored for this session
1638222916679	Marionette	INFO	Stopped listening on port 63328
1638223041055	geckodriver	INFO	Listening on 127.0.0.1:63431
1638223041074	mozrunner::runner	INFO	Running command: "/Applications/Firefox.app/Contents/MacOS/firefox-bin" "--marionette" "-headless" "--remote-debugging-port" "63432" "-foreground" "-no-remote" "-profile" "/var/folders/cv/xg6bnmr90z33l_rf_ff7ht140000gn/T/rust_mozprofileT97qrx"
*** You are running in headless mode.
1638223041539	Marionette	INFO	Marionette enabled
[GFX1-]: RenderCompositorSWGL failed mapping default framebuffer, no dt
console.warn: SearchSettings: "get: No settings file exists, new profile?" (new NotFoundError("Could not open the file at /var/folders/cv/xg6bnmr90z33l_rf_ff7ht140000gn/T/rust_mozprofileT97qrx/search.json.mozlz4", (void 0)))
console.error: BackgroundUpdate: 
  _reasonsToNotScheduleUpdates: Failed to check for Maintenance Service Registry Key: [Exception... "Component returned failure code: 0x80004001 (NS_ERROR_NOT_IMPLEMENTED) [nsIUpdateProcessor.getServiceRegKeyExists]"  nsresult: "0x80004001 (NS_ERROR_NOT_IMPLEMENTED)"  location: "JS frame :: resource://gre/modules/BackgroundUpdate.jsm :: _reasonsToNotScheduleUpdates :: line 243"  data: no]
DevTools listening on ws://localhost:63432/devtools/browser/5be43c38-89a8-f44f-82e5-26f0a5de9f60
1638223044692	Marionette	INFO	Listening on port 63435
1638223044726	RemoteAgent	WARN	TLS certificate errors will be ignored for this session
1638223051229	Marionette	INFO	Stopped listening on port 63435
1638223120108	geckodriver	INFO	Listening on 127.0.0.1:63516
1638223120127	mozrunner::runner	INFO	Running command: "/Applications/Firefox.app/Contents/MacOS/firefox-bin" "--marionette" "-headless" "--remote-debugging-port" "63517" "-foreground" "-no-remote" "-profile" "/var/folders/cv/xg6bnmr90z33l_rf_ff7ht140000gn/T/rust_mozprofileJ06y89"
*** You are running in headless mode.
1638223120620	Marionette	INFO	Marionette enabled
[GFX1-]: RenderCompositorSWGL failed mapping default framebuffer, no dt
console.warn: SearchSettings: "get: No settings file exists, new profile?" (new NotFoundError("Could not open the file at /var/folders/cv/xg6bnmr90z33l_rf_ff7ht140000gn/T/rust_mozprofileJ06y89/search.json.mozlz4", (void 0)))
console.error: BackgroundUpdate: 
  _reasonsToNotScheduleUpdates: Failed to check for Maintenance Service Registry Key: [Exception... "Component returned failure code: 0x80004001 (NS_ERROR_NOT_IMPLEMENTED) [nsIUpdateProcessor.getServiceRegKeyExists]"  nsresult: "0x80004001 (NS_ERROR_NOT_IMPLEMENTED)"  location: "JS frame :: resource://gre/modules/BackgroundUpdate.jsm :: _reasonsToNotScheduleUpdates :: line 243"  data: no]
DevTools listening on ws://localhost:63517/devtools/browser/d6e7dd9d-5938-a346-9cca-c616c3aba835
1638223122907	Marionette	INFO	Listening on port 63520
1638223123033	RemoteAgent	WARN	TLS certificate errors will be ignored for this session
1638223127480	Marionette	INFO	Stopped listening on port 63520

###!!! [Parent][RunMessage] Error: Channel closing: too late to send/recv, messages will be lost

1638223161399	geckodriver	INFO	Listening on 127.0.0.1:63599
1638223161413	mozrunner::runner	INFO	Running command: "/Applications/Firefox.app/Contents/MacOS/firefox-bin" "--marionette" "-headless" "--remote-debugging-port" "63600" "-foreground" "-no-remote" "-profile" "/var/folders/cv/xg6bnmr90z33l_rf_ff7ht140000gn/T/rust_mozprofileS1rShM"
*** You are running in headless mode.
1638223161868	Marionette	INFO	Marionette enabled
[GFX1-]: RenderCompositorSWGL failed mapping default framebuffer, no dt
console.warn: SearchSettings: "get: No settings file exists, new profile?" (new NotFoundError("Could not open the file at /var/folders/cv/xg6bnmr90z33l_rf_ff7ht140000gn/T/rust_mozprofileS1rShM/search.json.mozlz4", (void 0)))
console.error: BackgroundUpdate: 
  _reasonsToNotScheduleUpdates: Failed to check for Maintenance Service Registry Key: [Exception... "Component returned failure code: 0x80004001 (NS_ERROR_NOT_IMPLEMENTED) [nsIUpdateProcessor.getServiceRegKeyExists]"  nsresult: "0x80004001 (NS_ERROR_NOT_IMPLEMENTED)"  location: "JS frame :: resource://gre/modules/BackgroundUpdate.jsm :: _reasonsToNotScheduleUpdates :: line 243"  data: no]
DevTools listening on ws://localhost:63600/devtools/browser/86befdcd-98d9-4545-ade0-11c0dabcde0f
1638223163944	Marionette	INFO	Listening on port 63603
1638223163999	RemoteAgent	WARN	TLS certificate errors will be ignored for this session
1638223168656	Marionette	INFO	Stopped listening on port 63603

###!!! [Parent][RunMessage] Error: Channel closing: too late to send/recv, messages will be lost

